{"C:\\Users\\Mah\\Documents\\Trabalho\\Listai\\src\\components\\ConfirmationModal.tsx": {"path":"C:\\Users\\Mah\\Documents\\Trabalho\\Listai\\src\\components\\ConfirmationModal.tsx","statementMap":{"0":{"start":{"line":4,"column":26},"end":{"line":24,"column":1}},"1":{"start":{"line":5,"column":2},"end":{"line":23,"column":4}},"2":{"start":{"line":26,"column":15},"end":{"line":55,"column":2}}},"fnMap":{"0":{"name":"(anonymous_0)","decl":{"start":{"line":4,"column":26},"end":{"line":4,"column":27}},"loc":{"start":{"line":4,"column":63},"end":{"line":24,"column":1}},"line":4}},"branchMap":{},"s":{"0":0,"1":0,"2":0},"f":{"0":0},"b":{}}
,"C:\\Users\\Mah\\Documents\\Trabalho\\Listai\\src\\database\\database.ts": {"path":"C:\\Users\\Mah\\Documents\\Trabalho\\Listai\\src\\database\\database.ts","statementMap":{"0":{"start":{"line":3,"column":39},"end":{"line":3,"column":43}},"1":{"start":{"line":5,"column":34},"end":{"line":38,"column":1}},"2":{"start":{"line":8,"column":2},"end":{"line":36,"column":3}},"3":{"start":{"line":9,"column":4},"end":{"line":9,"column":54}},"4":{"start":{"line":11,"column":4},"end":{"line":35,"column":5}},"5":{"start":{"line":12,"column":6},"end":{"line":31,"column":9}},"6":{"start":{"line":33,"column":6},"end":{"line":33,"column":61}},"7":{"start":{"line":34,"column":6},"end":{"line":34,"column":18}},"8":{"start":{"line":37,"column":2},"end":{"line":37,"column":12}},"9":{"start":{"line":40,"column":14},"end":{"line":47,"column":1}},"10":{"start":{"line":41,"column":2},"end":{"line":45,"column":3}},"11":{"start":{"line":42,"column":4},"end":{"line":44,"column":6}},"12":{"start":{"line":46,"column":2},"end":{"line":46,"column":12}},"13":{"start":{"line":63,"column":24},"end":{"line":77,"column":1}},"14":{"start":{"line":79,"column":27},"end":{"line":89,"column":1}},"15":{"start":{"line":80,"column":2},"end":{"line":88,"column":3}},"16":{"start":{"line":81,"column":19},"end":{"line":83,"column":7}},"17":{"start":{"line":84,"column":4},"end":{"line":84,"column":55}},"18":{"start":{"line":84,"column":38},"end":{"line":84,"column":53}},"19":{"start":{"line":86,"column":4},"end":{"line":86,"column":72}},"20":{"start":{"line":87,"column":4},"end":{"line":87,"column":14}},"21":{"start":{"line":91,"column":25},"end":{"line":104,"column":1}},"22":{"start":{"line":98,"column":4},"end":{"line":98,"column":72}},"23":{"start":{"line":99,"column":25},"end":{"line":102,"column":27}},"24":{"start":{"line":103,"column":2},"end":{"line":103,"column":35}},"25":{"start":{"line":106,"column":29},"end":{"line":142,"column":1}},"26":{"start":{"line":107,"column":2},"end":{"line":107,"column":65}},"27":{"start":{"line":108,"column":18},"end":{"line":108,"column":44}},"28":{"start":{"line":111,"column":20},"end":{"line":111,"column":25}},"29":{"start":{"line":112,"column":2},"end":{"line":121,"column":3}},"30":{"start":{"line":113,"column":4},"end":{"line":113,"column":60}},"31":{"start":{"line":114,"column":4},"end":{"line":114,"column":23}},"32":{"start":{"line":116,"column":4},"end":{"line":120,"column":5}},"33":{"start":{"line":117,"column":6},"end":{"line":117,"column":26}},"34":{"start":{"line":119,"column":6},"end":{"line":119,"column":14}},"35":{"start":{"line":123,"column":2},"end":{"line":141,"column":3}},"36":{"start":{"line":124,"column":28},"end":{"line":126,"column":21}},"37":{"start":{"line":125,"column":20},"end":{"line":125,"column":45}},"38":{"start":{"line":127,"column":4},"end":{"line":127,"column":38}},"39":{"start":{"line":129,"column":28},"end":{"line":129,"column":57}},"40":{"start":{"line":130,"column":4},"end":{"line":140,"column":7}},"41":{"start":{"line":131,"column":6},"end":{"line":139,"column":7}},"42":{"start":{"line":133,"column":8},"end":{"line":138,"column":10}},"43":{"start":{"line":144,"column":29},"end":{"line":158,"column":1}},"44":{"start":{"line":148,"column":2},"end":{"line":157,"column":5}},"45":{"start":{"line":149,"column":4},"end":{"line":156,"column":5}},"46":{"start":{"line":150,"column":6},"end":{"line":152,"column":8}},"47":{"start":{"line":153,"column":6},"end":{"line":153,"column":16}},"48":{"start":{"line":155,"column":6},"end":{"line":155,"column":20}},"49":{"start":{"line":160,"column":26},"end":{"line":196,"column":1}},"50":{"start":{"line":164,"column":13},"end":{"line":164,"column":20}},"51":{"start":{"line":165,"column":2},"end":{"line":195,"column":3}},"52":{"start":{"line":167,"column":28},"end":{"line":170,"column":5}},"53":{"start":{"line":172,"column":4},"end":{"line":174,"column":5}},"54":{"start":{"line":173,"column":6},"end":{"line":173,"column":32}},"55":{"start":{"line":176,"column":4},"end":{"line":179,"column":6}},"56":{"start":{"line":182,"column":28},"end":{"line":184,"column":5}},"57":{"start":{"line":186,"column":4},"end":{"line":190,"column":5}},"58":{"start":{"line":187,"column":6},"end":{"line":187,"column":32}},"59":{"start":{"line":189,"column":6},"end":{"line":189,"column":51}},"60":{"start":{"line":192,"column":4},"end":{"line":192,"column":32}},"61":{"start":{"line":193,"column":4},"end":{"line":193,"column":50}},"62":{"start":{"line":194,"column":4},"end":{"line":194,"column":35}},"63":{"start":{"line":198,"column":27},"end":{"line":226,"column":1}},"64":{"start":{"line":199,"column":2},"end":{"line":225,"column":5}},"65":{"start":{"line":200,"column":4},"end":{"line":224,"column":5}},"66":{"start":{"line":201,"column":23},"end":{"line":201,"column":30}},"67":{"start":{"line":202,"column":21},"end":{"line":204,"column":7}},"68":{"start":{"line":205,"column":6},"end":{"line":205,"column":35}},"69":{"start":{"line":207,"column":6},"end":{"line":223,"column":7}},"70":{"start":{"line":211,"column":8},"end":{"line":220,"column":9}},"71":{"start":{"line":212,"column":10},"end":{"line":212,"column":77}},"72":{"start":{"line":213,"column":10},"end":{"line":213,"column":43}},"73":{"start":{"line":214,"column":25},"end":{"line":216,"column":11}},"74":{"start":{"line":217,"column":10},"end":{"line":217,"column":39}},"75":{"start":{"line":219,"column":10},"end":{"line":219,"column":30}},"76":{"start":{"line":222,"column":8},"end":{"line":222,"column":22}},"77":{"start":{"line":228,"column":33},"end":{"line":264,"column":1}},"78":{"start":{"line":231,"column":2},"end":{"line":263,"column":5}},"79":{"start":{"line":232,"column":4},"end":{"line":262,"column":5}},"80":{"start":{"line":233,"column":23},"end":{"line":233,"column":30}},"81":{"start":{"line":234,"column":20},"end":{"line":234,"column":92}},"82":{"start":{"line":235,"column":26},"end":{"line":235,"column":28}},"83":{"start":{"line":237,"column":6},"end":{"line":249,"column":7}},"84":{"start":{"line":238,"column":8},"end":{"line":238,"column":44}},"85":{"start":{"line":240,"column":24},"end":{"line":243,"column":9}},"86":{"start":{"line":244,"column":8},"end":{"line":247,"column":9}},"87":{"start":{"line":245,"column":10},"end":{"line":245,"column":22}},"88":{"start":{"line":246,"column":10},"end":{"line":246,"column":17}},"89":{"start":{"line":248,"column":8},"end":{"line":248,"column":30}},"90":{"start":{"line":250,"column":33},"end":{"line":250,"column":67}},"91":{"start":{"line":251,"column":40},"end":{"line":257,"column":9}},"92":{"start":{"line":251,"column":64},"end":{"line":257,"column":7}},"93":{"start":{"line":258,"column":6},"end":{"line":258,"column":22}},"94":{"start":{"line":260,"column":6},"end":{"line":260,"column":62}},"95":{"start":{"line":261,"column":6},"end":{"line":261,"column":20}},"96":{"start":{"line":266,"column":29},"end":{"line":277,"column":1}},"97":{"start":{"line":267,"column":2},"end":{"line":276,"column":5}},"98":{"start":{"line":268,"column":4},"end":{"line":275,"column":5}},"99":{"start":{"line":269,"column":6},"end":{"line":271,"column":8}},"100":{"start":{"line":272,"column":6},"end":{"line":272,"column":16}},"101":{"start":{"line":274,"column":6},"end":{"line":274,"column":20}},"102":{"start":{"line":279,"column":34},"end":{"line":324,"column":1}},"103":{"start":{"line":282,"column":2},"end":{"line":323,"column":5}},"104":{"start":{"line":283,"column":4},"end":{"line":322,"column":5}},"105":{"start":{"line":284,"column":23},"end":{"line":284,"column":30}},"106":{"start":{"line":285,"column":18},"end":{"line":285,"column":58}},"107":{"start":{"line":286,"column":25},"end":{"line":286,"column":42}},"108":{"start":{"line":287,"column":25},"end":{"line":291,"column":21}},"109":{"start":{"line":292,"column":23},"end":{"line":296,"column":21}},"110":{"start":{"line":298,"column":29},"end":{"line":300,"column":45}},"111":{"start":{"line":302,"column":6},"end":{"line":316,"column":9}},"112":{"start":{"line":303,"column":30},"end":{"line":305,"column":27}},"113":{"start":{"line":307,"column":8},"end":{"line":315,"column":9}},"114":{"start":{"line":308,"column":10},"end":{"line":310,"column":12}},"115":{"start":{"line":312,"column":10},"end":{"line":314,"column":12}},"116":{"start":{"line":318,"column":6},"end":{"line":318,"column":16}},"117":{"start":{"line":320,"column":6},"end":{"line":320,"column":59}},"118":{"start":{"line":321,"column":6},"end":{"line":321,"column":20}},"119":{"start":{"line":326,"column":29},"end":{"line":336,"column":1}},"120":{"start":{"line":327,"column":2},"end":{"line":335,"column":5}},"121":{"start":{"line":328,"column":4},"end":{"line":334,"column":5}},"122":{"start":{"line":329,"column":6},"end":{"line":329,"column":70}},"123":{"start":{"line":330,"column":6},"end":{"line":330,"column":16}},"124":{"start":{"line":332,"column":6},"end":{"line":332,"column":34}},"125":{"start":{"line":333,"column":6},"end":{"line":333,"column":20}},"126":{"start":{"line":338,"column":34},"end":{"line":369,"column":1}},"127":{"start":{"line":341,"column":2},"end":{"line":368,"column":5}},"128":{"start":{"line":344,"column":4},"end":{"line":367,"column":5}},"129":{"start":{"line":345,"column":6},"end":{"line":345,"column":25}},"130":{"start":{"line":346,"column":6},"end":{"line":346,"column":46}},"131":{"start":{"line":348,"column":6},"end":{"line":353,"column":9}},"132":{"start":{"line":349,"column":8},"end":{"line":352,"column":10}},"133":{"start":{"line":355,"column":6},"end":{"line":355,"column":35}},"134":{"start":{"line":356,"column":6},"end":{"line":356,"column":16}},"135":{"start":{"line":359,"column":6},"end":{"line":365,"column":7}},"136":{"start":{"line":360,"column":8},"end":{"line":364,"column":9}},"137":{"start":{"line":361,"column":10},"end":{"line":361,"column":41}},"138":{"start":{"line":363,"column":10},"end":{"line":363,"column":65}},"139":{"start":{"line":366,"column":6},"end":{"line":366,"column":20}},"140":{"start":{"line":371,"column":33},"end":{"line":385,"column":1}},"141":{"start":{"line":372,"column":2},"end":{"line":384,"column":5}},"142":{"start":{"line":373,"column":4},"end":{"line":383,"column":5}},"143":{"start":{"line":374,"column":23},"end":{"line":374,"column":30}},"144":{"start":{"line":375,"column":6},"end":{"line":378,"column":8}},"145":{"start":{"line":379,"column":6},"end":{"line":379,"column":16}},"146":{"start":{"line":381,"column":6},"end":{"line":381,"column":59}},"147":{"start":{"line":382,"column":6},"end":{"line":382,"column":20}},"148":{"start":{"line":387,"column":50},"end":{"line":406,"column":1}},"149":{"start":{"line":392,"column":2},"end":{"line":405,"column":5}},"150":{"start":{"line":393,"column":4},"end":{"line":404,"column":5}},"151":{"start":{"line":394,"column":23},"end":{"line":394,"column":30}},"152":{"start":{"line":395,"column":25},"end":{"line":395,"column":43}},"153":{"start":{"line":396,"column":6},"end":{"line":399,"column":8}},"154":{"start":{"line":400,"column":6},"end":{"line":400,"column":16}},"155":{"start":{"line":402,"column":6},"end":{"line":402,"column":78}},"156":{"start":{"line":403,"column":6},"end":{"line":403,"column":20}},"157":{"start":{"line":408,"column":37},"end":{"line":422,"column":1}},"158":{"start":{"line":412,"column":2},"end":{"line":421,"column":3}},"159":{"start":{"line":413,"column":21},"end":{"line":413,"column":28}},"160":{"start":{"line":414,"column":4},"end":{"line":417,"column":7}},"161":{"start":{"line":419,"column":4},"end":{"line":419,"column":61}},"162":{"start":{"line":420,"column":4},"end":{"line":420,"column":16}},"163":{"start":{"line":424,"column":41},"end":{"line":462,"column":1}},"164":{"start":{"line":428,"column":16},"end":{"line":428,"column":54}},"165":{"start":{"line":430,"column":2},"end":{"line":461,"column":3}},"166":{"start":{"line":431,"column":21},"end":{"line":431,"column":28}},"167":{"start":{"line":432,"column":4},"end":{"line":456,"column":7}},"168":{"start":{"line":458,"column":4},"end":{"line":458,"column":65}},"169":{"start":{"line":459,"column":4},"end":{"line":459,"column":40}},"170":{"start":{"line":460,"column":4},"end":{"line":460,"column":16}}},"fnMap":{"0":{"name":"(anonymous_0)","decl":{"start":{"line":5,"column":34},"end":{"line":5,"column":35}},"loc":{"start":{"line":7,"column":37},"end":{"line":38,"column":1}},"line":7},"1":{"name":"(anonymous_1)","decl":{"start":{"line":40,"column":14},"end":{"line":40,"column":15}},"loc":{"start":{"line":40,"column":43},"end":{"line":47,"column":1}},"line":40},"2":{"name":"(anonymous_2)","decl":{"start":{"line":79,"column":27},"end":{"line":79,"column":28}},"loc":{"start":{"line":79,"column":60},"end":{"line":89,"column":1}},"line":79},"3":{"name":"(anonymous_3)","decl":{"start":{"line":84,"column":22},"end":{"line":84,"column":23}},"loc":{"start":{"line":84,"column":38},"end":{"line":84,"column":53}},"line":84},"4":{"name":"(anonymous_4)","decl":{"start":{"line":91,"column":25},"end":{"line":91,"column":26}},"loc":{"start":{"line":96,"column":5},"end":{"line":104,"column":1}},"line":96},"5":{"name":"(anonymous_5)","decl":{"start":{"line":106,"column":29},"end":{"line":106,"column":30}},"loc":{"start":{"line":106,"column":52},"end":{"line":142,"column":1}},"line":106},"6":{"name":"(anonymous_6)","decl":{"start":{"line":125,"column":11},"end":{"line":125,"column":12}},"loc":{"start":{"line":125,"column":20},"end":{"line":125,"column":45}},"line":125},"7":{"name":"(anonymous_7)","decl":{"start":{"line":130,"column":20},"end":{"line":130,"column":21}},"loc":{"start":{"line":130,"column":40},"end":{"line":140,"column":5}},"line":130},"8":{"name":"(anonymous_8)","decl":{"start":{"line":144,"column":29},"end":{"line":144,"column":30}},"loc":{"start":{"line":147,"column":20},"end":{"line":158,"column":1}},"line":147},"9":{"name":"(anonymous_9)","decl":{"start":{"line":148,"column":21},"end":{"line":148,"column":22}},"loc":{"start":{"line":148,"column":42},"end":{"line":157,"column":3}},"line":148},"10":{"name":"(anonymous_10)","decl":{"start":{"line":160,"column":26},"end":{"line":160,"column":27}},"loc":{"start":{"line":163,"column":22},"end":{"line":196,"column":1}},"line":163},"11":{"name":"(anonymous_11)","decl":{"start":{"line":198,"column":27},"end":{"line":198,"column":28}},"loc":{"start":{"line":198,"column":53},"end":{"line":226,"column":1}},"line":198},"12":{"name":"(anonymous_12)","decl":{"start":{"line":199,"column":21},"end":{"line":199,"column":22}},"loc":{"start":{"line":199,"column":48},"end":{"line":225,"column":3}},"line":199},"13":{"name":"(anonymous_13)","decl":{"start":{"line":228,"column":33},"end":{"line":228,"column":34}},"loc":{"start":{"line":230,"column":33},"end":{"line":264,"column":1}},"line":230},"14":{"name":"(anonymous_14)","decl":{"start":{"line":231,"column":21},"end":{"line":231,"column":22}},"loc":{"start":{"line":231,"column":48},"end":{"line":263,"column":3}},"line":231},"15":{"name":"(anonymous_15)","decl":{"start":{"line":251,"column":56},"end":{"line":251,"column":57}},"loc":{"start":{"line":251,"column":64},"end":{"line":257,"column":7}},"line":251},"16":{"name":"(anonymous_16)","decl":{"start":{"line":266,"column":29},"end":{"line":266,"column":30}},"loc":{"start":{"line":266,"column":78},"end":{"line":277,"column":1}},"line":266},"17":{"name":"(anonymous_17)","decl":{"start":{"line":267,"column":21},"end":{"line":267,"column":22}},"loc":{"start":{"line":267,"column":42},"end":{"line":276,"column":3}},"line":267},"18":{"name":"(anonymous_18)","decl":{"start":{"line":279,"column":34},"end":{"line":279,"column":35}},"loc":{"start":{"line":281,"column":20},"end":{"line":324,"column":1}},"line":281},"19":{"name":"(anonymous_19)","decl":{"start":{"line":282,"column":21},"end":{"line":282,"column":22}},"loc":{"start":{"line":282,"column":42},"end":{"line":323,"column":3}},"line":282},"20":{"name":"(anonymous_20)","decl":{"start":{"line":302,"column":29},"end":{"line":302,"column":30}},"loc":{"start":{"line":302,"column":42},"end":{"line":316,"column":7}},"line":302},"21":{"name":"(anonymous_21)","decl":{"start":{"line":326,"column":29},"end":{"line":326,"column":30}},"loc":{"start":{"line":326,"column":66},"end":{"line":336,"column":1}},"line":326},"22":{"name":"(anonymous_22)","decl":{"start":{"line":327,"column":21},"end":{"line":327,"column":22}},"loc":{"start":{"line":327,"column":48},"end":{"line":335,"column":3}},"line":327},"23":{"name":"(anonymous_23)","decl":{"start":{"line":338,"column":34},"end":{"line":338,"column":35}},"loc":{"start":{"line":340,"column":20},"end":{"line":369,"column":1}},"line":340},"24":{"name":"(anonymous_24)","decl":{"start":{"line":341,"column":21},"end":{"line":341,"column":22}},"loc":{"start":{"line":341,"column":42},"end":{"line":368,"column":3}},"line":341},"25":{"name":"(anonymous_25)","decl":{"start":{"line":348,"column":22},"end":{"line":348,"column":23}},"loc":{"start":{"line":348,"column":41},"end":{"line":353,"column":7}},"line":348},"26":{"name":"(anonymous_26)","decl":{"start":{"line":371,"column":33},"end":{"line":371,"column":34}},"loc":{"start":{"line":371,"column":78},"end":{"line":385,"column":1}},"line":371},"27":{"name":"(anonymous_27)","decl":{"start":{"line":372,"column":21},"end":{"line":372,"column":22}},"loc":{"start":{"line":372,"column":48},"end":{"line":384,"column":3}},"line":372},"28":{"name":"(anonymous_28)","decl":{"start":{"line":387,"column":50},"end":{"line":387,"column":51}},"loc":{"start":{"line":391,"column":20},"end":{"line":406,"column":1}},"line":391},"29":{"name":"(anonymous_29)","decl":{"start":{"line":392,"column":21},"end":{"line":392,"column":22}},"loc":{"start":{"line":392,"column":42},"end":{"line":405,"column":3}},"line":392},"30":{"name":"(anonymous_30)","decl":{"start":{"line":408,"column":37},"end":{"line":408,"column":38}},"loc":{"start":{"line":411,"column":20},"end":{"line":422,"column":1}},"line":411},"31":{"name":"(anonymous_31)","decl":{"start":{"line":424,"column":41},"end":{"line":424,"column":42}},"loc":{"start":{"line":427,"column":20},"end":{"line":462,"column":1}},"line":427}},"branchMap":{"0":{"loc":{"start":{"line":6,"column":2},"end":{"line":6,"column":36}},"type":"default-arg","locations":[{"start":{"line":6,"column":25},"end":{"line":6,"column":36}}],"line":6},"1":{"loc":{"start":{"line":8,"column":2},"end":{"line":36,"column":3}},"type":"if","locations":[{"start":{"line":8,"column":2},"end":{"line":36,"column":3}},{"start":{},"end":{}}],"line":8},"2":{"loc":{"start":{"line":41,"column":2},"end":{"line":45,"column":3}},"type":"if","locations":[{"start":{"line":41,"column":2},"end":{"line":45,"column":3}},{"start":{},"end":{}}],"line":41},"3":{"loc":{"start":{"line":98,"column":4},"end":{"line":98,"column":72}},"type":"cond-expr","locations":[{"start":{"line":98,"column":42},"end":{"line":98,"column":67}},{"start":{"line":98,"column":70},"end":{"line":98,"column":72}}],"line":98},"4":{"loc":{"start":{"line":116,"column":4},"end":{"line":120,"column":5}},"type":"if","locations":[{"start":{"line":116,"column":4},"end":{"line":120,"column":5}},{"start":{"line":118,"column":11},"end":{"line":120,"column":5}}],"line":116},"5":{"loc":{"start":{"line":123,"column":2},"end":{"line":141,"column":3}},"type":"if","locations":[{"start":{"line":123,"column":2},"end":{"line":141,"column":3}},{"start":{"line":128,"column":9},"end":{"line":141,"column":3}}],"line":123},"6":{"loc":{"start":{"line":131,"column":6},"end":{"line":139,"column":7}},"type":"if","locations":[{"start":{"line":131,"column":6},"end":{"line":139,"column":7}},{"start":{},"end":{}}],"line":131},"7":{"loc":{"start":{"line":172,"column":4},"end":{"line":174,"column":5}},"type":"if","locations":[{"start":{"line":172,"column":4},"end":{"line":174,"column":5}},{"start":{},"end":{}}],"line":172},"8":{"loc":{"start":{"line":186,"column":4},"end":{"line":190,"column":5}},"type":"if","locations":[{"start":{"line":186,"column":4},"end":{"line":190,"column":5}},{"start":{"line":188,"column":11},"end":{"line":190,"column":5}}],"line":186},"9":{"loc":{"start":{"line":186,"column":8},"end":{"line":186,"column":45}},"type":"binary-expr","locations":[{"start":{"line":186,"column":8},"end":{"line":186,"column":23}},{"start":{"line":186,"column":27},"end":{"line":186,"column":45}}],"line":186},"10":{"loc":{"start":{"line":207,"column":6},"end":{"line":223,"column":7}},"type":"if","locations":[{"start":{"line":207,"column":6},"end":{"line":223,"column":7}},{"start":{"line":221,"column":13},"end":{"line":223,"column":7}}],"line":207},"11":{"loc":{"start":{"line":208,"column":8},"end":{"line":209,"column":47}},"type":"binary-expr","locations":[{"start":{"line":208,"column":8},"end":{"line":208,"column":48}},{"start":{"line":209,"column":8},"end":{"line":209,"column":47}}],"line":208},"12":{"loc":{"start":{"line":237,"column":6},"end":{"line":249,"column":7}},"type":"if","locations":[{"start":{"line":237,"column":6},"end":{"line":249,"column":7}},{"start":{"line":239,"column":13},"end":{"line":249,"column":7}}],"line":237},"13":{"loc":{"start":{"line":244,"column":8},"end":{"line":247,"column":9}},"type":"if","locations":[{"start":{"line":244,"column":8},"end":{"line":247,"column":9}},{"start":{},"end":{}}],"line":244},"14":{"loc":{"start":{"line":285,"column":18},"end":{"line":285,"column":58}},"type":"cond-expr","locations":[{"start":{"line":285,"column":33},"end":{"line":285,"column":45}},{"start":{"line":285,"column":48},"end":{"line":285,"column":58}}],"line":285},"15":{"loc":{"start":{"line":307,"column":8},"end":{"line":315,"column":9}},"type":"if","locations":[{"start":{"line":307,"column":8},"end":{"line":315,"column":9}},{"start":{"line":311,"column":15},"end":{"line":315,"column":9}}],"line":307},"16":{"loc":{"start":{"line":359,"column":6},"end":{"line":365,"column":7}},"type":"if","locations":[{"start":{"line":359,"column":6},"end":{"line":365,"column":7}},{"start":{},"end":{}}],"line":359}},"s":{"0":1,"1":1,"2":24,"3":1,"4":1,"5":1,"6":0,"7":0,"8":24,"9":1,"10":32,"11":0,"12":32,"13":1,"14":1,"15":1,"16":1,"17":1,"18":3,"19":0,"20":0,"21":1,"22":1,"23":1,"24":1,"25":1,"26":3,"27":3,"28":3,"29":3,"30":3,"31":1,"32":2,"33":1,"34":1,"35":2,"36":1,"37":4,"38":1,"39":1,"40":1,"41":4,"42":1,"43":1,"44":0,"45":0,"46":0,"47":0,"48":0,"49":1,"50":5,"51":5,"52":5,"53":4,"54":1,"55":3,"56":2,"57":2,"58":1,"59":1,"60":3,"61":3,"62":3,"63":1,"64":5,"65":5,"66":5,"67":5,"68":1,"69":4,"70":3,"71":3,"72":3,"73":2,"74":2,"75":1,"76":1,"77":1,"78":4,"79":4,"80":4,"81":4,"82":4,"83":4,"84":2,"85":2,"86":2,"87":1,"88":1,"89":1,"90":3,"91":2,"92":2,"93":2,"94":1,"95":1,"96":1,"97":0,"98":0,"99":0,"100":0,"101":0,"102":1,"103":0,"104":0,"105":0,"106":0,"107":0,"108":0,"109":0,"110":0,"111":0,"112":0,"113":0,"114":0,"115":0,"116":0,"117":0,"118":0,"119":1,"120":2,"121":2,"122":2,"123":1,"124":1,"125":1,"126":1,"127":2,"128":2,"129":2,"130":2,"131":1,"132":2,"133":1,"134":1,"135":1,"136":1,"137":1,"138":0,"139":1,"140":1,"141":2,"142":2,"143":2,"144":2,"145":1,"146":1,"147":1,"148":1,"149":2,"150":2,"151":2,"152":2,"153":2,"154":1,"155":1,"156":1,"157":1,"158":2,"159":2,"160":2,"161":1,"162":1,"163":1,"164":0,"165":0,"166":0,"167":0,"168":0,"169":0,"170":0},"f":{"0":24,"1":32,"2":1,"3":3,"4":1,"5":3,"6":4,"7":4,"8":0,"9":0,"10":5,"11":5,"12":5,"13":4,"14":4,"15":2,"16":0,"17":0,"18":0,"19":0,"20":0,"21":2,"22":2,"23":2,"24":2,"25":2,"26":2,"27":2,"28":2,"29":2,"30":2,"31":0},"b":{"0":[24],"1":[1,23],"2":[0,32],"3":[1,0],"4":[1,1],"5":[1,1],"6":[1,3],"7":[1,3],"8":[1,1],"9":[2,1],"10":[3,1],"11":[4,3],"12":[2,2],"13":[1,1],"14":[0,0],"15":[0,0],"16":[1,0]},"_coverageSchema":"1a1c01bbd47fc00a2c39e90264f33305004495a9","hash":"87772fd59e01d31613344f8e2da3ecc12a0eee1f"}
,"C:\\Users\\Mah\\Documents\\Trabalho\\Listai\\src\\screens\\AddProductScreen.tsx": {"path":"C:\\Users\\Mah\\Documents\\Trabalho\\Listai\\src\\screens\\AddProductScreen.tsx","statementMap":{"0":{"start":{"line":12,"column":26},"end":{"line":12,"column":38}},"1":{"start":{"line":13,"column":34},"end":{"line":13,"column":47}},"2":{"start":{"line":14,"column":21},"end":{"line":14,"column":68}},"3":{"start":{"line":15,"column":16},"end":{"line":15,"column":26}},"4":{"start":{"line":17,"column":23},"end":{"line":27,"column":3}},"5":{"start":{"line":18,"column":4},"end":{"line":26,"column":5}},"6":{"start":{"line":19,"column":6},"end":{"line":22,"column":8}},"7":{"start":{"line":23,"column":6},"end":{"line":23,"column":59}},"8":{"start":{"line":25,"column":6},"end":{"line":25,"column":57}},"9":{"start":{"line":29,"column":2},"end":{"line":71,"column":4}},"10":{"start":{"line":74,"column":15},"end":{"line":89,"column":2}}},"fnMap":{"0":{"name":"AddProductScreen","decl":{"start":{"line":11,"column":24},"end":{"line":11,"column":40}},"loc":{"start":{"line":11,"column":43},"end":{"line":72,"column":1}},"line":11},"1":{"name":"(anonymous_1)","decl":{"start":{"line":17,"column":23},"end":{"line":17,"column":24}},"loc":{"start":{"line":17,"column":35},"end":{"line":27,"column":3}},"line":17}},"branchMap":{"0":{"loc":{"start":{"line":31,"column":16},"end":{"line":31,"column":60}},"type":"cond-expr","locations":[{"start":{"line":31,"column":40},"end":{"line":31,"column":49}},{"start":{"line":31,"column":52},"end":{"line":31,"column":60}}],"line":31},"1":{"loc":{"start":{"line":64,"column":20},"end":{"line":64,"column":38}},"type":"binary-expr","locations":[{"start":{"line":64,"column":20},"end":{"line":64,"column":25}},{"start":{"line":64,"column":29},"end":{"line":64,"column":38}}],"line":64}},"s":{"0":11,"1":10,"2":10,"3":10,"4":10,"5":2,"6":2,"7":1,"8":1,"9":10,"10":1},"f":{"0":11,"1":2},"b":{"0":[10,0],"1":[10,6]},"_coverageSchema":"1a1c01bbd47fc00a2c39e90264f33305004495a9","hash":"7cec9b50179f8b5e15fc59a4bfda8a79b2b022fb"}
,"C:\\Users\\Mah\\Documents\\Trabalho\\Listai\\src\\screens\\EditProductScreen.tsx": {"path":"C:\\Users\\Mah\\Documents\\Trabalho\\Listai\\src\\screens\\EditProductScreen.tsx","statementMap":{"0":{"start":{"line":44,"column":16},"end":{"line":44,"column":59}},"1":{"start":{"line":45,"column":18},"end":{"line":45,"column":39}},"2":{"start":{"line":46,"column":34},"end":{"line":46,"column":79}},"3":{"start":{"line":47,"column":32},"end":{"line":47,"column":63}},"4":{"start":{"line":48,"column":21},"end":{"line":48,"column":69}},"5":{"start":{"line":49,"column":16},"end":{"line":49,"column":26}},"6":{"start":{"line":50,"column":26},"end":{"line":50,"column":55}},"7":{"start":{"line":51,"column":44},"end":{"line":51,"column":59}},"8":{"start":{"line":54,"column":2},"end":{"line":60,"column":9}},"9":{"start":{"line":55,"column":4},"end":{"line":59,"column":5}},"10":{"start":{"line":56,"column":6},"end":{"line":56,"column":47}},"11":{"start":{"line":57,"column":6},"end":{"line":57,"column":28}},"12":{"start":{"line":58,"column":6},"end":{"line":58,"column":20}},"13":{"start":{"line":63,"column":22},"end":{"line":72,"column":3}},"14":{"start":{"line":64,"column":4},"end":{"line":71,"column":5}},"15":{"start":{"line":65,"column":6},"end":{"line":70,"column":7}},"16":{"start":{"line":66,"column":21},"end":{"line":66,"column":69}},"17":{"start":{"line":67,"column":8},"end":{"line":67,"column":31}},"18":{"start":{"line":69,"column":8},"end":{"line":69,"column":60}},"19":{"start":{"line":74,"column":23},"end":{"line":83,"column":3}},"20":{"start":{"line":75,"column":4},"end":{"line":82,"column":5}},"21":{"start":{"line":76,"column":6},"end":{"line":81,"column":7}},"22":{"start":{"line":77,"column":8},"end":{"line":77,"column":60}},"23":{"start":{"line":78,"column":8},"end":{"line":78,"column":61}},"24":{"start":{"line":80,"column":8},"end":{"line":80,"column":59}},"25":{"start":{"line":85,"column":27},"end":{"line":95,"column":3}},"26":{"start":{"line":86,"column":4},"end":{"line":94,"column":5}},"27":{"start":{"line":87,"column":6},"end":{"line":93,"column":7}},"28":{"start":{"line":88,"column":8},"end":{"line":88,"column":50}},"29":{"start":{"line":89,"column":8},"end":{"line":89,"column":32}},"30":{"start":{"line":90,"column":8},"end":{"line":90,"column":64}},"31":{"start":{"line":92,"column":8},"end":{"line":92,"column":67}},"32":{"start":{"line":97,"column":23},"end":{"line":122,"column":3}},"33":{"start":{"line":98,"column":4},"end":{"line":121,"column":5}},"34":{"start":{"line":99,"column":6},"end":{"line":120,"column":8}},"35":{"start":{"line":110,"column":14},"end":{"line":115,"column":15}},"36":{"start":{"line":111,"column":16},"end":{"line":111,"column":48}},"37":{"start":{"line":112,"column":16},"end":{"line":112,"column":69}},"38":{"start":{"line":114,"column":16},"end":{"line":114,"column":65}},"39":{"start":{"line":124,"column":27},"end":{"line":130,"column":3}},"40":{"start":{"line":125,"column":17},"end":{"line":125,"column":37}},"41":{"start":{"line":126,"column":4},"end":{"line":129,"column":7}},"42":{"start":{"line":132,"column":28},"end":{"line":140,"column":3}},"43":{"start":{"line":133,"column":17},"end":{"line":133,"column":37}},"44":{"start":{"line":134,"column":4},"end":{"line":139,"column":7}},"45":{"start":{"line":142,"column":20},"end":{"line":155,"column":3}},"46":{"start":{"line":146,"column":18},"end":{"line":146,"column":42}},"47":{"start":{"line":152,"column":22},"end":{"line":152,"column":32}},"48":{"start":{"line":157,"column":2},"end":{"line":282,"column":4}},"49":{"start":{"line":182,"column":18},"end":{"line":182,"column":47}},"50":{"start":{"line":183,"column":18},"end":{"line":183,"column":42}},"51":{"start":{"line":197,"column":31},"end":{"line":197,"column":53}},"52":{"start":{"line":254,"column":44},"end":{"line":254,"column":77}},"53":{"start":{"line":264,"column":20},"end":{"line":271,"column":27}},"54":{"start":{"line":285,"column":15},"end":{"line":342,"column":2}}},"fnMap":{"0":{"name":"EditProductScreen","decl":{"start":{"line":43,"column":24},"end":{"line":43,"column":41}},"loc":{"start":{"line":43,"column":44},"end":{"line":283,"column":1}},"line":43},"1":{"name":"(anonymous_1)","decl":{"start":{"line":54,"column":12},"end":{"line":54,"column":13}},"loc":{"start":{"line":54,"column":18},"end":{"line":60,"column":3}},"line":54},"2":{"name":"(anonymous_2)","decl":{"start":{"line":63,"column":22},"end":{"line":63,"column":23}},"loc":{"start":{"line":63,"column":34},"end":{"line":72,"column":3}},"line":63},"3":{"name":"(anonymous_3)","decl":{"start":{"line":74,"column":23},"end":{"line":74,"column":24}},"loc":{"start":{"line":74,"column":35},"end":{"line":83,"column":3}},"line":74},"4":{"name":"(anonymous_4)","decl":{"start":{"line":85,"column":27},"end":{"line":85,"column":28}},"loc":{"start":{"line":85,"column":39},"end":{"line":95,"column":3}},"line":85},"5":{"name":"(anonymous_5)","decl":{"start":{"line":97,"column":23},"end":{"line":97,"column":24}},"loc":{"start":{"line":97,"column":35},"end":{"line":122,"column":3}},"line":97},"6":{"name":"(anonymous_6)","decl":{"start":{"line":109,"column":21},"end":{"line":109,"column":22}},"loc":{"start":{"line":109,"column":33},"end":{"line":116,"column":13}},"line":109},"7":{"name":"(anonymous_7)","decl":{"start":{"line":124,"column":27},"end":{"line":124,"column":28}},"loc":{"start":{"line":124,"column":51},"end":{"line":130,"column":3}},"line":124},"8":{"name":"(anonymous_8)","decl":{"start":{"line":132,"column":28},"end":{"line":132,"column":29}},"loc":{"start":{"line":132,"column":52},"end":{"line":140,"column":3}},"line":132},"9":{"name":"(anonymous_9)","decl":{"start":{"line":146,"column":11},"end":{"line":146,"column":12}},"loc":{"start":{"line":146,"column":18},"end":{"line":146,"column":42}},"line":146},"10":{"name":"(anonymous_10)","decl":{"start":{"line":152,"column":15},"end":{"line":152,"column":16}},"loc":{"start":{"line":152,"column":22},"end":{"line":152,"column":32}},"line":152},"11":{"name":"(anonymous_11)","decl":{"start":{"line":181,"column":25},"end":{"line":181,"column":26}},"loc":{"start":{"line":181,"column":31},"end":{"line":184,"column":17}},"line":181},"12":{"name":"(anonymous_12)","decl":{"start":{"line":197,"column":25},"end":{"line":197,"column":26}},"loc":{"start":{"line":197,"column":31},"end":{"line":197,"column":53}},"line":197},"13":{"name":"(anonymous_13)","decl":{"start":{"line":254,"column":27},"end":{"line":254,"column":28}},"loc":{"start":{"line":254,"column":44},"end":{"line":254,"column":77}},"line":254},"14":{"name":"(anonymous_14)","decl":{"start":{"line":263,"column":31},"end":{"line":263,"column":32}},"loc":{"start":{"line":264,"column":20},"end":{"line":271,"column":27}},"line":264}},"branchMap":{"0":{"loc":{"start":{"line":46,"column":43},"end":{"line":46,"column":78}},"type":"binary-expr","locations":[{"start":{"line":46,"column":43},"end":{"line":46,"column":72}},{"start":{"line":46,"column":76},"end":{"line":46,"column":78}}],"line":46},"1":{"loc":{"start":{"line":50,"column":35},"end":{"line":50,"column":54}},"type":"binary-expr","locations":[{"start":{"line":50,"column":35},"end":{"line":50,"column":48}},{"start":{"line":50,"column":52},"end":{"line":50,"column":54}}],"line":50},"2":{"loc":{"start":{"line":55,"column":4},"end":{"line":59,"column":5}},"type":"if","locations":[{"start":{"line":55,"column":4},"end":{"line":59,"column":5}},{"start":{},"end":{}}],"line":55},"3":{"loc":{"start":{"line":64,"column":4},"end":{"line":71,"column":5}},"type":"if","locations":[{"start":{"line":64,"column":4},"end":{"line":71,"column":5}},{"start":{},"end":{}}],"line":64},"4":{"loc":{"start":{"line":67,"column":19},"end":{"line":67,"column":29}},"type":"binary-expr","locations":[{"start":{"line":67,"column":19},"end":{"line":67,"column":23}},{"start":{"line":67,"column":27},"end":{"line":67,"column":29}}],"line":67},"5":{"loc":{"start":{"line":75,"column":4},"end":{"line":82,"column":5}},"type":"if","locations":[{"start":{"line":75,"column":4},"end":{"line":82,"column":5}},{"start":{},"end":{}}],"line":75},"6":{"loc":{"start":{"line":86,"column":4},"end":{"line":94,"column":5}},"type":"if","locations":[{"start":{"line":86,"column":4},"end":{"line":94,"column":5}},{"start":{},"end":{}}],"line":86},"7":{"loc":{"start":{"line":98,"column":4},"end":{"line":121,"column":5}},"type":"if","locations":[{"start":{"line":98,"column":4},"end":{"line":121,"column":5}},{"start":{},"end":{}}],"line":98},"8":{"loc":{"start":{"line":161,"column":11},"end":{"line":202,"column":11}},"type":"cond-expr","locations":[{"start":{"line":162,"column":12},"end":{"line":188,"column":19}},{"start":{"line":190,"column":12},"end":{"line":201,"column":19}}],"line":161},"9":{"loc":{"start":{"line":182,"column":26},"end":{"line":182,"column":45}},"type":"binary-expr","locations":[{"start":{"line":182,"column":26},"end":{"line":182,"column":39}},{"start":{"line":182,"column":43},"end":{"line":182,"column":45}}],"line":182},"10":{"loc":{"start":{"line":243,"column":13},"end":{"line":277,"column":13}},"type":"cond-expr","locations":[{"start":{"line":244,"column":14},"end":{"line":274,"column":21}},{"start":{"line":276,"column":14},"end":{"line":276,"column":54}}],"line":243},"11":{"loc":{"start":{"line":254,"column":28},"end":{"line":254,"column":39}},"type":"default-arg","locations":[{"start":{"line":254,"column":38},"end":{"line":254,"column":39}}],"line":254}},"s":{"0":23,"1":23,"2":23,"3":22,"4":22,"5":22,"6":22,"7":22,"8":22,"9":8,"10":8,"11":8,"12":8,"13":22,"14":8,"15":8,"16":8,"17":8,"18":0,"19":22,"20":1,"21":1,"22":1,"23":1,"24":0,"25":22,"26":1,"27":1,"28":1,"29":1,"30":1,"31":0,"32":22,"33":1,"34":1,"35":1,"36":1,"37":1,"38":0,"39":22,"40":24,"41":24,"42":22,"43":24,"44":24,"45":22,"46":24,"47":24,"48":22,"49":1,"50":1,"51":3,"52":0,"53":24,"54":1},"f":{"0":23,"1":8,"2":8,"3":1,"4":1,"5":1,"6":1,"7":24,"8":24,"9":24,"10":24,"11":1,"12":3,"13":0,"14":24},"b":{"0":[23,0],"1":[22,0],"2":[8,0],"3":[8,0],"4":[8,0],"5":[1,0],"6":[1,0],"7":[1,0],"8":[4,18],"9":[1,0],"10":[12,10],"11":[0]},"_coverageSchema":"1a1c01bbd47fc00a2c39e90264f33305004495a9","hash":"9e13923fcb43a2bdaf87e7844befa2c87adee5ca"}
,"C:\\Users\\Mah\\Documents\\Trabalho\\Listai\\src\\screens\\HomeScreen.tsx": {"path":"C:\\Users\\Mah\\Documents\\Trabalho\\Listai\\src\\screens\\HomeScreen.tsx","statementMap":{"0":{"start":{"line":93,"column":28},"end":{"line":93,"column":31}},"1":{"start":{"line":94,"column":34},"end":{"line":94,"column":37}},"2":{"start":{"line":96,"column":27},"end":{"line":96,"column":57}},"3":{"start":{"line":98,"column":17},"end":{"line":108,"column":1}},"4":{"start":{"line":100,"column":2},"end":{"line":107,"column":4}},"5":{"start":{"line":101,"column":4},"end":{"line":103,"column":5}},"6":{"start":{"line":102,"column":6},"end":{"line":102,"column":30}},"7":{"start":{"line":104,"column":4},"end":{"line":106,"column":14}},"8":{"start":{"line":105,"column":6},"end":{"line":105,"column":20}},"9":{"start":{"line":111,"column":34},"end":{"line":111,"column":57}},"10":{"start":{"line":112,"column":40},"end":{"line":112,"column":55}},"11":{"start":{"line":113,"column":42},"end":{"line":113,"column":71}},"12":{"start":{"line":114,"column":56},"end":{"line":114,"column":71}},"13":{"start":{"line":115,"column":21},"end":{"line":115,"column":62}},"14":{"start":{"line":116,"column":16},"end":{"line":116,"column":26}},"15":{"start":{"line":117,"column":16},"end":{"line":117,"column":26}},"16":{"start":{"line":118,"column":36},"end":{"line":118,"column":50}},"17":{"start":{"line":119,"column":36},"end":{"line":121,"column":13}},"18":{"start":{"line":122,"column":40},"end":{"line":122,"column":55}},"19":{"start":{"line":123,"column":58},"end":{"line":123,"column":73}},"20":{"start":{"line":124,"column":38},"end":{"line":124,"column":50}},"21":{"start":{"line":125,"column":40},"end":{"line":125,"column":52}},"22":{"start":{"line":127,"column":4},"end":{"line":127,"column":19}},"23":{"start":{"line":128,"column":52},"end":{"line":134,"column":17}},"24":{"start":{"line":136,"column":19},"end":{"line":136,"column":45}},"25":{"start":{"line":136,"column":25},"end":{"line":136,"column":45}},"26":{"start":{"line":137,"column":20},"end":{"line":137,"column":47}},"27":{"start":{"line":137,"column":26},"end":{"line":137,"column":47}},"28":{"start":{"line":139,"column":23},"end":{"line":175,"column":3}},"29":{"start":{"line":140,"column":25},"end":{"line":140,"column":44}},"30":{"start":{"line":143,"column":4},"end":{"line":157,"column":5}},"31":{"start":{"line":144,"column":29},"end":{"line":144,"column":56}},"32":{"start":{"line":145,"column":6},"end":{"line":155,"column":9}},"33":{"start":{"line":146,"column":28},"end":{"line":149,"column":9}},"34":{"start":{"line":150,"column":28},"end":{"line":153,"column":9}},"35":{"start":{"line":154,"column":8},"end":{"line":154,"column":41}},"36":{"start":{"line":156,"column":6},"end":{"line":156,"column":28}},"37":{"start":{"line":160,"column":4},"end":{"line":173,"column":5}},"38":{"start":{"line":162,"column":8},"end":{"line":162,"column":68}},"39":{"start":{"line":162,"column":38},"end":{"line":162,"column":66}},"40":{"start":{"line":163,"column":8},"end":{"line":163,"column":14}},"41":{"start":{"line":165,"column":8},"end":{"line":165,"column":63}},"42":{"start":{"line":165,"column":38},"end":{"line":165,"column":61}},"43":{"start":{"line":166,"column":8},"end":{"line":166,"column":14}},"44":{"start":{"line":168,"column":8},"end":{"line":168,"column":63}},"45":{"start":{"line":168,"column":38},"end":{"line":168,"column":61}},"46":{"start":{"line":169,"column":8},"end":{"line":169,"column":14}},"47":{"start":{"line":171,"column":8},"end":{"line":171,"column":57}},"48":{"start":{"line":171,"column":38},"end":{"line":171,"column":55}},"49":{"start":{"line":172,"column":8},"end":{"line":172,"column":14}},"50":{"start":{"line":174,"column":4},"end":{"line":174,"column":26}},"51":{"start":{"line":177,"column":23},"end":{"line":186,"column":3}},"52":{"start":{"line":178,"column":4},"end":{"line":185,"column":5}},"53":{"start":{"line":179,"column":29},"end":{"line":179,"column":48}},"54":{"start":{"line":180,"column":6},"end":{"line":182,"column":7}},"55":{"start":{"line":181,"column":8},"end":{"line":181,"column":36}},"56":{"start":{"line":184,"column":6},"end":{"line":184,"column":57}},"57":{"start":{"line":188,"column":29},"end":{"line":194,"column":3}},"58":{"start":{"line":189,"column":4},"end":{"line":189,"column":49}},"59":{"start":{"line":189,"column":37},"end":{"line":189,"column":49}},"60":{"start":{"line":190,"column":26},"end":{"line":192,"column":5}},"61":{"start":{"line":191,"column":16},"end":{"line":191,"column":71}},"62":{"start":{"line":193,"column":4},"end":{"line":193,"column":43}},"63":{"start":{"line":196,"column":34},"end":{"line":198,"column":3}},"64":{"start":{"line":197,"column":4},"end":{"line":197,"column":34}},"65":{"start":{"line":200,"column":34},"end":{"line":204,"column":3}},"66":{"start":{"line":201,"column":4},"end":{"line":201,"column":32}},"67":{"start":{"line":202,"column":4},"end":{"line":202,"column":35}},"68":{"start":{"line":203,"column":4},"end":{"line":203,"column":22}},"69":{"start":{"line":206,"column":34},"end":{"line":209,"column":3}},"70":{"start":{"line":207,"column":4},"end":{"line":207,"column":35}},"71":{"start":{"line":208,"column":4},"end":{"line":208,"column":22}},"72":{"start":{"line":211,"column":2},"end":{"line":224,"column":18}},"73":{"start":{"line":212,"column":32},"end":{"line":222,"column":5}},"74":{"start":{"line":213,"column":6},"end":{"line":221,"column":7}},"75":{"start":{"line":214,"column":31},"end":{"line":214,"column":50}},"76":{"start":{"line":215,"column":8},"end":{"line":218,"column":9}},"77":{"start":{"line":216,"column":33},"end":{"line":216,"column":61}},"78":{"start":{"line":217,"column":10},"end":{"line":217,"column":43}},"79":{"start":{"line":220,"column":8},"end":{"line":220,"column":59}},"80":{"start":{"line":223,"column":4},"end":{"line":223,"column":26}},"81":{"start":{"line":226,"column":2},"end":{"line":230,"column":9}},"82":{"start":{"line":227,"column":4},"end":{"line":229,"column":6}},"83":{"start":{"line":228,"column":6},"end":{"line":228,"column":26}},"84":{"start":{"line":232,"column":2},"end":{"line":241,"column":33}},"85":{"start":{"line":233,"column":24},"end":{"line":239,"column":6}},"86":{"start":{"line":234,"column":21},"end":{"line":234,"column":64}},"87":{"start":{"line":235,"column":6},"end":{"line":238,"column":7}},"88":{"start":{"line":236,"column":8},"end":{"line":236,"column":23}},"89":{"start":{"line":237,"column":8},"end":{"line":237,"column":55}},"90":{"start":{"line":240,"column":4},"end":{"line":240,"column":23}},"91":{"start":{"line":243,"column":2},"end":{"line":272,"column":55}},"92":{"start":{"line":244,"column":42},"end":{"line":244,"column":46}},"93":{"start":{"line":245,"column":4},"end":{"line":271,"column":5}},"94":{"start":{"line":246,"column":29},"end":{"line":266,"column":13}},"95":{"start":{"line":247,"column":8},"end":{"line":265,"column":16}},"96":{"start":{"line":248,"column":10},"end":{"line":264,"column":12}},"97":{"start":{"line":249,"column":12},"end":{"line":263,"column":14}},"98":{"start":{"line":250,"column":14},"end":{"line":261,"column":15}},"99":{"start":{"line":251,"column":36},"end":{"line":253,"column":53}},"100":{"start":{"line":256,"column":16},"end":{"line":258,"column":22}},"101":{"start":{"line":257,"column":18},"end":{"line":257,"column":80}},"102":{"start":{"line":260,"column":16},"end":{"line":260,"column":61}},"103":{"start":{"line":262,"column":14},"end":{"line":262,"column":29}},"104":{"start":{"line":267,"column":6},"end":{"line":270,"column":8}},"105":{"start":{"line":268,"column":8},"end":{"line":268,"column":37}},"106":{"start":{"line":269,"column":8},"end":{"line":269,"column":46}},"107":{"start":{"line":269,"column":22},"end":{"line":269,"column":46}},"108":{"start":{"line":274,"column":23},"end":{"line":294,"column":3}},"109":{"start":{"line":275,"column":4},"end":{"line":293,"column":6}},"110":{"start":{"line":284,"column":12},"end":{"line":289,"column":13}},"111":{"start":{"line":285,"column":14},"end":{"line":285,"column":38}},"112":{"start":{"line":286,"column":14},"end":{"line":286,"column":29}},"113":{"start":{"line":288,"column":14},"end":{"line":288,"column":63}},"114":{"start":{"line":296,"column":30},"end":{"line":316,"column":3}},"115":{"start":{"line":298,"column":4},"end":{"line":315,"column":6}},"116":{"start":{"line":299,"column":6},"end":{"line":314,"column":8}},"117":{"start":{"line":300,"column":8},"end":{"line":312,"column":9}},"118":{"start":{"line":301,"column":30},"end":{"line":301,"column":68}},"119":{"start":{"line":302,"column":10},"end":{"line":311,"column":11}},"120":{"start":{"line":304,"column":12},"end":{"line":308,"column":20}},"121":{"start":{"line":305,"column":14},"end":{"line":307,"column":16}},"122":{"start":{"line":306,"column":16},"end":{"line":306,"column":69}},"123":{"start":{"line":310,"column":12},"end":{"line":310,"column":57}},"124":{"start":{"line":313,"column":8},"end":{"line":313,"column":23}},"125":{"start":{"line":318,"column":31},"end":{"line":340,"column":3}},"126":{"start":{"line":323,"column":24},"end":{"line":325,"column":40}},"127":{"start":{"line":328,"column":4},"end":{"line":332,"column":6}},"128":{"start":{"line":329,"column":6},"end":{"line":331,"column":7}},"129":{"start":{"line":330,"column":8},"end":{"line":330,"column":75}},"130":{"start":{"line":335,"column":4},"end":{"line":339,"column":12}},"131":{"start":{"line":336,"column":6},"end":{"line":338,"column":8}},"132":{"start":{"line":337,"column":8},"end":{"line":337,"column":61}},"133":{"start":{"line":342,"column":36},"end":{"line":351,"column":3}},"134":{"start":{"line":347,"column":4},"end":{"line":347,"column":57}},"135":{"start":{"line":348,"column":4},"end":{"line":348,"column":24}},"136":{"start":{"line":349,"column":4},"end":{"line":349,"column":38}},"137":{"start":{"line":350,"column":4},"end":{"line":350,"column":25}},"138":{"start":{"line":353,"column":35},"end":{"line":356,"column":3}},"139":{"start":{"line":354,"column":4},"end":{"line":354,"column":26}},"140":{"start":{"line":355,"column":4},"end":{"line":355,"column":26}},"141":{"start":{"line":358,"column":35},"end":{"line":376,"column":3}},"142":{"start":{"line":359,"column":4},"end":{"line":375,"column":5}},"143":{"start":{"line":360,"column":6},"end":{"line":360,"column":33}},"144":{"start":{"line":361,"column":20},"end":{"line":361,"column":30}},"145":{"start":{"line":362,"column":22},"end":{"line":365,"column":8}},"146":{"start":{"line":366,"column":17},"end":{"line":366,"column":44}},"147":{"start":{"line":367,"column":6},"end":{"line":367,"column":58}},"148":{"start":{"line":368,"column":6},"end":{"line":371,"column":9}},"149":{"start":{"line":369,"column":22},"end":{"line":369,"column":54}},"150":{"start":{"line":370,"column":8},"end":{"line":370,"column":68}},"151":{"start":{"line":372,"column":6},"end":{"line":372,"column":38}},"152":{"start":{"line":374,"column":6},"end":{"line":374,"column":71}},"153":{"start":{"line":378,"column":24},"end":{"line":390,"column":3}},"154":{"start":{"line":379,"column":4},"end":{"line":389,"column":5}},"155":{"start":{"line":380,"column":6},"end":{"line":380,"column":24}},"156":{"start":{"line":381,"column":22},"end":{"line":384,"column":9}},"157":{"start":{"line":381,"column":52},"end":{"line":384,"column":7}},"158":{"start":{"line":385,"column":6},"end":{"line":385,"column":40}},"159":{"start":{"line":387,"column":6},"end":{"line":387,"column":58}},"160":{"start":{"line":388,"column":6},"end":{"line":388,"column":21}},"161":{"start":{"line":392,"column":26},"end":{"line":447,"column":3}},"162":{"start":{"line":393,"column":24},"end":{"line":393,"column":66}},"163":{"start":{"line":394,"column":24},"end":{"line":399,"column":5}},"164":{"start":{"line":400,"column":24},"end":{"line":400,"column":34}},"165":{"start":{"line":401,"column":24},"end":{"line":401,"column":49}},"166":{"start":{"line":402,"column":25},"end":{"line":402,"column":51}},"167":{"start":{"line":404,"column":4},"end":{"line":445,"column":5}},"168":{"start":{"line":405,"column":6},"end":{"line":444,"column":7}},"169":{"start":{"line":405,"column":19},"end":{"line":405,"column":20}},"170":{"start":{"line":406,"column":22},"end":{"line":406,"column":48}},"171":{"start":{"line":407,"column":8},"end":{"line":443,"column":9}},"172":{"start":{"line":408,"column":10},"end":{"line":442,"column":11}},"173":{"start":{"line":411,"column":14},"end":{"line":413,"column":22}},"174":{"start":{"line":415,"column":27},"end":{"line":415,"column":61}},"175":{"start":{"line":416,"column":31},"end":{"line":416,"column":68}},"176":{"start":{"line":418,"column":12},"end":{"line":439,"column":13}},"177":{"start":{"line":419,"column":14},"end":{"line":435,"column":15}},"178":{"start":{"line":421,"column":28},"end":{"line":421,"column":50}},"179":{"start":{"line":422,"column":30},"end":{"line":422,"column":56}},"180":{"start":{"line":425,"column":34},"end":{"line":425,"column":45}},"181":{"start":{"line":426,"column":36},"end":{"line":426,"column":45}},"182":{"start":{"line":427,"column":16},"end":{"line":432,"column":17}},"183":{"start":{"line":431,"column":18},"end":{"line":431,"column":32}},"184":{"start":{"line":434,"column":16},"end":{"line":434,"column":67}},"185":{"start":{"line":437,"column":14},"end":{"line":437,"column":47}},"186":{"start":{"line":438,"column":14},"end":{"line":438,"column":32}},"187":{"start":{"line":441,"column":12},"end":{"line":441,"column":56}},"188":{"start":{"line":446,"column":4},"end":{"line":446,"column":16}},"189":{"start":{"line":449,"column":30},"end":{"line":483,"column":3}},"190":{"start":{"line":452,"column":4},"end":{"line":482,"column":39}},"191":{"start":{"line":453,"column":24},"end":{"line":453,"column":35}},"192":{"start":{"line":456,"column":24},"end":{"line":456,"column":42}},"193":{"start":{"line":457,"column":8},"end":{"line":457,"column":58}},"194":{"start":{"line":457,"column":46},"end":{"line":457,"column":58}},"195":{"start":{"line":458,"column":8},"end":{"line":458,"column":44}},"196":{"start":{"line":458,"column":32},"end":{"line":458,"column":44}},"197":{"start":{"line":460,"column":25},"end":{"line":460,"column":49}},"198":{"start":{"line":461,"column":8},"end":{"line":461,"column":58}},"199":{"start":{"line":461,"column":46},"end":{"line":461,"column":58}},"200":{"start":{"line":464,"column":36},"end":{"line":464,"column":64}},"201":{"start":{"line":466,"column":28},"end":{"line":473,"column":17}},"202":{"start":{"line":475,"column":8},"end":{"line":475,"column":38}},"203":{"start":{"line":475,"column":26},"end":{"line":475,"column":38}},"204":{"start":{"line":477,"column":8},"end":{"line":480,"column":10}},"205":{"start":{"line":482,"column":24},"end":{"line":482,"column":37}},"206":{"start":{"line":485,"column":26},"end":{"line":495,"column":3}},"207":{"start":{"line":487,"column":29},"end":{"line":487,"column":63}},"208":{"start":{"line":488,"column":4},"end":{"line":488,"column":41}},"209":{"start":{"line":488,"column":28},"end":{"line":488,"column":41}},"210":{"start":{"line":491,"column":4},"end":{"line":494,"column":7}},"211":{"start":{"line":492,"column":23},"end":{"line":492,"column":42}},"212":{"start":{"line":493,"column":6},"end":{"line":493,"column":51}},"213":{"start":{"line":497,"column":29},"end":{"line":560,"column":3}},"214":{"start":{"line":501,"column":4},"end":{"line":506,"column":5}},"215":{"start":{"line":502,"column":6},"end":{"line":502,"column":41}},"216":{"start":{"line":503,"column":6},"end":{"line":503,"column":33}},"217":{"start":{"line":504,"column":6},"end":{"line":504,"column":27}},"218":{"start":{"line":505,"column":6},"end":{"line":505,"column":13}},"219":{"start":{"line":508,"column":38},"end":{"line":508,"column":55}},"220":{"start":{"line":509,"column":29},"end":{"line":509,"column":48}},"221":{"start":{"line":511,"column":23},"end":{"line":513,"column":5}},"222":{"start":{"line":512,"column":13},"end":{"line":512,"column":79}},"223":{"start":{"line":515,"column":4},"end":{"line":531,"column":5}},"224":{"start":{"line":517,"column":29},"end":{"line":517,"column":78}},"225":{"start":{"line":518,"column":30},"end":{"line":518,"column":70}},"226":{"start":{"line":519,"column":6},"end":{"line":521,"column":7}},"227":{"start":{"line":520,"column":8},"end":{"line":520,"column":76}},"228":{"start":{"line":522,"column":6},"end":{"line":528,"column":7}},"229":{"start":{"line":523,"column":8},"end":{"line":527,"column":10}},"230":{"start":{"line":529,"column":6},"end":{"line":529,"column":49}},"231":{"start":{"line":530,"column":6},"end":{"line":530,"column":13}},"232":{"start":{"line":534,"column":28},"end":{"line":544,"column":7}},"233":{"start":{"line":537,"column":10},"end":{"line":538,"column":29}},"234":{"start":{"line":542,"column":10},"end":{"line":543,"column":73}},"235":{"start":{"line":546,"column":4},"end":{"line":559,"column":5}},"236":{"start":{"line":547,"column":6},"end":{"line":553,"column":9}},"237":{"start":{"line":554,"column":6},"end":{"line":554,"column":40}},"238":{"start":{"line":557,"column":6},"end":{"line":557,"column":57}},"239":{"start":{"line":558,"column":6},"end":{"line":558,"column":49}},"240":{"start":{"line":562,"column":27},"end":{"line":599,"column":3}},"241":{"start":{"line":566,"column":4},"end":{"line":598,"column":5}},"242":{"start":{"line":568,"column":31},"end":{"line":568,"column":50}},"243":{"start":{"line":569,"column":29},"end":{"line":569,"column":74}},"244":{"start":{"line":570,"column":25},"end":{"line":572,"column":7}},"245":{"start":{"line":571,"column":15},"end":{"line":571,"column":74}},"246":{"start":{"line":574,"column":6},"end":{"line":578,"column":7}},"247":{"start":{"line":576,"column":8},"end":{"line":576,"column":69}},"248":{"start":{"line":577,"column":8},"end":{"line":577,"column":29}},"249":{"start":{"line":581,"column":24},"end":{"line":584,"column":7}},"250":{"start":{"line":586,"column":6},"end":{"line":592,"column":7}},"251":{"start":{"line":587,"column":8},"end":{"line":591,"column":10}},"252":{"start":{"line":594,"column":6},"end":{"line":594,"column":23}},"253":{"start":{"line":596,"column":6},"end":{"line":596,"column":58}},"254":{"start":{"line":597,"column":6},"end":{"line":597,"column":18}},"255":{"start":{"line":601,"column":26},"end":{"line":613,"column":3}},"256":{"start":{"line":602,"column":4},"end":{"line":612,"column":5}},"257":{"start":{"line":603,"column":20},"end":{"line":603,"column":36}},"258":{"start":{"line":604,"column":25},"end":{"line":604,"column":47}},"259":{"start":{"line":605,"column":31},"end":{"line":605,"column":57}},"260":{"start":{"line":606,"column":31},"end":{"line":606,"column":50}},"261":{"start":{"line":608,"column":6},"end":{"line":608,"column":61}},"262":{"start":{"line":610,"column":6},"end":{"line":610,"column":58}},"263":{"start":{"line":611,"column":6},"end":{"line":611,"column":66}},"264":{"start":{"line":615,"column":37},"end":{"line":642,"column":3}},"265":{"start":{"line":616,"column":4},"end":{"line":641,"column":5}},"266":{"start":{"line":617,"column":6},"end":{"line":618,"column":15}},"267":{"start":{"line":618,"column":8},"end":{"line":618,"column":15}},"268":{"start":{"line":621,"column":6},"end":{"line":626,"column":7}},"269":{"start":{"line":622,"column":8},"end":{"line":625,"column":10}},"270":{"start":{"line":629,"column":6},"end":{"line":632,"column":8}},"271":{"start":{"line":634,"column":6},"end":{"line":634,"column":41}},"272":{"start":{"line":635,"column":6},"end":{"line":638,"column":8}},"273":{"start":{"line":640,"column":6},"end":{"line":640,"column":68}},"274":{"start":{"line":644,"column":33},"end":{"line":691,"column":3}},"275":{"start":{"line":645,"column":4},"end":{"line":690,"column":5}},"276":{"start":{"line":646,"column":6},"end":{"line":646,"column":37}},"277":{"start":{"line":646,"column":30},"end":{"line":646,"column":37}},"278":{"start":{"line":647,"column":31},"end":{"line":647,"column":50}},"279":{"start":{"line":650,"column":31},"end":{"line":659,"column":7}},"280":{"start":{"line":652,"column":34},"end":{"line":656,"column":11}},"281":{"start":{"line":654,"column":14},"end":{"line":655,"column":33}},"282":{"start":{"line":657,"column":10},"end":{"line":657,"column":44}},"283":{"start":{"line":662,"column":6},"end":{"line":672,"column":7}},"284":{"start":{"line":663,"column":32},"end":{"line":667,"column":9}},"285":{"start":{"line":665,"column":12},"end":{"line":666,"column":31}},"286":{"start":{"line":668,"column":8},"end":{"line":671,"column":9}},"287":{"start":{"line":669,"column":28},"end":{"line":669,"column":46}},"288":{"start":{"line":670,"column":10},"end":{"line":670,"column":70}},"289":{"start":{"line":675,"column":32},"end":{"line":684,"column":7}},"290":{"start":{"line":677,"column":34},"end":{"line":681,"column":11}},"291":{"start":{"line":679,"column":14},"end":{"line":680,"column":33}},"292":{"start":{"line":682,"column":10},"end":{"line":682,"column":46}},"293":{"start":{"line":686,"column":6},"end":{"line":686,"column":41}},"294":{"start":{"line":687,"column":6},"end":{"line":687,"column":80}},"295":{"start":{"line":689,"column":6},"end":{"line":689,"column":63}},"296":{"start":{"line":693,"column":30},"end":{"line":736,"column":3}},"297":{"start":{"line":694,"column":4},"end":{"line":694,"column":46}},"298":{"start":{"line":694,"column":39},"end":{"line":694,"column":46}},"299":{"start":{"line":696,"column":4},"end":{"line":735,"column":5}},"300":{"start":{"line":698,"column":8},"end":{"line":698,"column":25}},"301":{"start":{"line":699,"column":18},"end":{"line":699,"column":28}},"302":{"start":{"line":700,"column":26},"end":{"line":700,"column":55}},"303":{"start":{"line":701,"column":29},"end":{"line":701,"column":77}},"304":{"start":{"line":702,"column":30},"end":{"line":702,"column":70}},"305":{"start":{"line":705,"column":6},"end":{"line":711,"column":7}},"306":{"start":{"line":706,"column":8},"end":{"line":710,"column":10}},"307":{"start":{"line":714,"column":6},"end":{"line":726,"column":7}},"308":{"start":{"line":718,"column":8},"end":{"line":722,"column":10}},"309":{"start":{"line":723,"column":8},"end":{"line":723,"column":43}},"310":{"start":{"line":724,"column":8},"end":{"line":724,"column":64}},"311":{"start":{"line":725,"column":8},"end":{"line":725,"column":15}},"312":{"start":{"line":729,"column":6},"end":{"line":729,"column":74}},"313":{"start":{"line":731,"column":6},"end":{"line":731,"column":41}},"314":{"start":{"line":732,"column":6},"end":{"line":732,"column":62}},"315":{"start":{"line":734,"column":6},"end":{"line":734,"column":63}},"316":{"start":{"line":738,"column":26},"end":{"line":747,"column":3}},"317":{"start":{"line":739,"column":4},"end":{"line":739,"column":35}},"318":{"start":{"line":739,"column":28},"end":{"line":739,"column":35}},"319":{"start":{"line":742,"column":6},"end":{"line":742,"column":23}},"320":{"start":{"line":743,"column":4},"end":{"line":743,"column":56}},"321":{"start":{"line":745,"column":4},"end":{"line":745,"column":39}},"322":{"start":{"line":746,"column":4},"end":{"line":746,"column":60}},"323":{"start":{"line":749,"column":27},"end":{"line":757,"column":3}},"324":{"start":{"line":750,"column":4},"end":{"line":750,"column":35}},"325":{"start":{"line":750,"column":28},"end":{"line":750,"column":35}},"326":{"start":{"line":752,"column":4},"end":{"line":752,"column":39}},"327":{"start":{"line":753,"column":4},"end":{"line":756,"column":6}},"328":{"start":{"line":759,"column":33},"end":{"line":762,"column":3}},"329":{"start":{"line":760,"column":4},"end":{"line":760,"column":39}},"330":{"start":{"line":761,"column":4},"end":{"line":761,"column":31}},"331":{"start":{"line":764,"column":28},"end":{"line":938,"column":3}},"332":{"start":{"line":765,"column":4},"end":{"line":765,"column":40}},"333":{"start":{"line":765,"column":28},"end":{"line":765,"column":40}},"334":{"start":{"line":768,"column":6},"end":{"line":768,"column":23}},"335":{"start":{"line":769,"column":54},"end":{"line":769,"column":69}},"336":{"start":{"line":771,"column":4},"end":{"line":791,"column":35}},"337":{"start":{"line":772,"column":27},"end":{"line":788,"column":7}},"338":{"start":{"line":773,"column":24},"end":{"line":773,"column":72}},"339":{"start":{"line":774,"column":8},"end":{"line":777,"column":9}},"340":{"start":{"line":775,"column":10},"end":{"line":775,"column":37}},"341":{"start":{"line":776,"column":10},"end":{"line":776,"column":17}},"342":{"start":{"line":779,"column":30},"end":{"line":781,"column":9}},"343":{"start":{"line":780,"column":20},"end":{"line":780,"column":75}},"344":{"start":{"line":783,"column":32},"end":{"line":783,"column":63}},"345":{"start":{"line":784,"column":28},"end":{"line":784,"column":52}},"346":{"start":{"line":787,"column":8},"end":{"line":787,"column":61}},"347":{"start":{"line":790,"column":6},"end":{"line":790,"column":21}},"348":{"start":{"line":793,"column":23},"end":{"line":801,"column":5}},"349":{"start":{"line":794,"column":6},"end":{"line":800,"column":9}},"350":{"start":{"line":803,"column":4},"end":{"line":937,"column":6}},"351":{"start":{"line":808,"column":30},"end":{"line":808,"column":64}},"352":{"start":{"line":853,"column":24},"end":{"line":882,"column":36}},"353":{"start":{"line":857,"column":59},"end":{"line":862,"column":29}},"354":{"start":{"line":860,"column":39},"end":{"line":860,"column":58}},"355":{"start":{"line":864,"column":28},"end":{"line":868,"column":31}},"356":{"start":{"line":940,"column":21},"end":{"line":1032,"column":3}},"357":{"start":{"line":949,"column":4},"end":{"line":1031,"column":6}},"358":{"start":{"line":954,"column":14},"end":{"line":954,"column":67}},"359":{"start":{"line":971,"column":22},"end":{"line":971,"column":75}},"360":{"start":{"line":978,"column":35},"end":{"line":978,"column":56}},"361":{"start":{"line":993,"column":24},"end":{"line":993,"column":59}},"362":{"start":{"line":1005,"column":24},"end":{"line":1005,"column":75}},"363":{"start":{"line":1008,"column":24},"end":{"line":1008,"column":80}},"364":{"start":{"line":1016,"column":24},"end":{"line":1016,"column":74}},"365":{"start":{"line":1019,"column":24},"end":{"line":1019,"column":79}},"366":{"start":{"line":1034,"column":27},"end":{"line":1060,"column":4}},"367":{"start":{"line":1035,"column":33},"end":{"line":1035,"column":61}},"368":{"start":{"line":1036,"column":33},"end":{"line":1036,"column":60}},"369":{"start":{"line":1039,"column":4},"end":{"line":1041,"column":5}},"370":{"start":{"line":1040,"column":6},"end":{"line":1040,"column":18}},"371":{"start":{"line":1044,"column":23},"end":{"line":1044,"column":50}},"372":{"start":{"line":1045,"column":24},"end":{"line":1045,"column":51}},"373":{"start":{"line":1046,"column":28},"end":{"line":1046,"column":55}},"374":{"start":{"line":1049,"column":4},"end":{"line":1051,"column":5}},"375":{"start":{"line":1050,"column":6},"end":{"line":1050,"column":65}},"376":{"start":{"line":1054,"column":23},"end":{"line":1057,"column":5}},"377":{"start":{"line":1059,"column":4},"end":{"line":1059,"column":51}},"378":{"start":{"line":1062,"column":17},"end":{"line":1062,"column":46}},"379":{"start":{"line":1064,"column":2},"end":{"line":1212,"column":4}},"380":{"start":{"line":1079,"column":33},"end":{"line":1079,"column":51}},"381":{"start":{"line":1123,"column":16},"end":{"line":1123,"column":39}},"382":{"start":{"line":1124,"column":16},"end":{"line":1124,"column":28}},"383":{"start":{"line":1131,"column":16},"end":{"line":1131,"column":45}},"384":{"start":{"line":1132,"column":16},"end":{"line":1132,"column":28}},"385":{"start":{"line":1139,"column":16},"end":{"line":1139,"column":45}},"386":{"start":{"line":1140,"column":16},"end":{"line":1140,"column":28}},"387":{"start":{"line":1147,"column":16},"end":{"line":1147,"column":44}},"388":{"start":{"line":1148,"column":16},"end":{"line":1148,"column":28}},"389":{"start":{"line":1158,"column":32},"end":{"line":1158,"column":50}},"390":{"start":{"line":1167,"column":23},"end":{"line":1167,"column":56}},"391":{"start":{"line":1173,"column":32},"end":{"line":1173,"column":62}}},"fnMap":{"0":{"name":"(anonymous_0)","decl":{"start":{"line":98,"column":17},"end":{"line":98,"column":18}},"loc":{"start":{"line":98,"column":34},"end":{"line":108,"column":1}},"line":98},"1":{"name":"(anonymous_1)","decl":{"start":{"line":100,"column":9},"end":{"line":100,"column":10}},"loc":{"start":{"line":100,"column":22},"end":{"line":107,"column":3}},"line":100},"2":{"name":"(anonymous_2)","decl":{"start":{"line":104,"column":27},"end":{"line":104,"column":28}},"loc":{"start":{"line":104,"column":33},"end":{"line":106,"column":5}},"line":104},"3":{"name":"HomeScreen","decl":{"start":{"line":110,"column":24},"end":{"line":110,"column":34}},"loc":{"start":{"line":110,"column":37},"end":{"line":1213,"column":1}},"line":110},"4":{"name":"(anonymous_4)","decl":{"start":{"line":136,"column":19},"end":{"line":136,"column":20}},"loc":{"start":{"line":136,"column":25},"end":{"line":136,"column":45}},"line":136},"5":{"name":"(anonymous_5)","decl":{"start":{"line":137,"column":20},"end":{"line":137,"column":21}},"loc":{"start":{"line":137,"column":26},"end":{"line":137,"column":47}},"line":137},"6":{"name":"(anonymous_6)","decl":{"start":{"line":139,"column":23},"end":{"line":139,"column":24}},"loc":{"start":{"line":139,"column":54},"end":{"line":175,"column":3}},"line":139},"7":{"name":"(anonymous_7)","decl":{"start":{"line":145,"column":26},"end":{"line":145,"column":27}},"loc":{"start":{"line":145,"column":36},"end":{"line":155,"column":7}},"line":145},"8":{"name":"(anonymous_8)","decl":{"start":{"line":162,"column":28},"end":{"line":162,"column":29}},"loc":{"start":{"line":162,"column":38},"end":{"line":162,"column":66}},"line":162},"9":{"name":"(anonymous_9)","decl":{"start":{"line":165,"column":28},"end":{"line":165,"column":29}},"loc":{"start":{"line":165,"column":38},"end":{"line":165,"column":61}},"line":165},"10":{"name":"(anonymous_10)","decl":{"start":{"line":168,"column":28},"end":{"line":168,"column":29}},"loc":{"start":{"line":168,"column":38},"end":{"line":168,"column":61}},"line":168},"11":{"name":"(anonymous_11)","decl":{"start":{"line":171,"column":28},"end":{"line":171,"column":29}},"loc":{"start":{"line":171,"column":38},"end":{"line":171,"column":55}},"line":171},"12":{"name":"(anonymous_12)","decl":{"start":{"line":177,"column":23},"end":{"line":177,"column":24}},"loc":{"start":{"line":177,"column":35},"end":{"line":186,"column":3}},"line":177},"13":{"name":"(anonymous_13)","decl":{"start":{"line":188,"column":29},"end":{"line":188,"column":30}},"loc":{"start":{"line":188,"column":74},"end":{"line":194,"column":3}},"line":188},"14":{"name":"(anonymous_14)","decl":{"start":{"line":191,"column":6},"end":{"line":191,"column":7}},"loc":{"start":{"line":191,"column":16},"end":{"line":191,"column":71}},"line":191},"15":{"name":"(anonymous_15)","decl":{"start":{"line":196,"column":34},"end":{"line":196,"column":35}},"loc":{"start":{"line":196,"column":40},"end":{"line":198,"column":3}},"line":196},"16":{"name":"(anonymous_16)","decl":{"start":{"line":200,"column":34},"end":{"line":200,"column":35}},"loc":{"start":{"line":200,"column":40},"end":{"line":204,"column":3}},"line":200},"17":{"name":"(anonymous_17)","decl":{"start":{"line":206,"column":34},"end":{"line":206,"column":35}},"loc":{"start":{"line":206,"column":40},"end":{"line":209,"column":3}},"line":206},"18":{"name":"(anonymous_18)","decl":{"start":{"line":211,"column":12},"end":{"line":211,"column":13}},"loc":{"start":{"line":211,"column":18},"end":{"line":224,"column":3}},"line":211},"19":{"name":"(anonymous_19)","decl":{"start":{"line":212,"column":32},"end":{"line":212,"column":33}},"loc":{"start":{"line":212,"column":44},"end":{"line":222,"column":5}},"line":212},"20":{"name":"(anonymous_20)","decl":{"start":{"line":226,"column":12},"end":{"line":226,"column":13}},"loc":{"start":{"line":226,"column":18},"end":{"line":230,"column":3}},"line":226},"21":{"name":"(anonymous_21)","decl":{"start":{"line":227,"column":11},"end":{"line":227,"column":12}},"loc":{"start":{"line":227,"column":17},"end":{"line":229,"column":5}},"line":227},"22":{"name":"(anonymous_22)","decl":{"start":{"line":232,"column":12},"end":{"line":232,"column":13}},"loc":{"start":{"line":232,"column":18},"end":{"line":241,"column":3}},"line":232},"23":{"name":"(anonymous_23)","decl":{"start":{"line":233,"column":56},"end":{"line":233,"column":57}},"loc":{"start":{"line":233,"column":62},"end":{"line":239,"column":5}},"line":233},"24":{"name":"(anonymous_24)","decl":{"start":{"line":243,"column":12},"end":{"line":243,"column":13}},"loc":{"start":{"line":243,"column":18},"end":{"line":272,"column":3}},"line":243},"25":{"name":"(anonymous_25)","decl":{"start":{"line":246,"column":40},"end":{"line":246,"column":41}},"loc":{"start":{"line":246,"column":46},"end":{"line":266,"column":7}},"line":246},"26":{"name":"(anonymous_26)","decl":{"start":{"line":247,"column":31},"end":{"line":247,"column":32}},"loc":{"start":{"line":247,"column":37},"end":{"line":265,"column":9}},"line":247},"27":{"name":"(anonymous_27)","decl":{"start":{"line":248,"column":22},"end":{"line":248,"column":23}},"loc":{"start":{"line":249,"column":12},"end":{"line":263,"column":14}},"line":249},"28":{"name":"(anonymous_28)","decl":{"start":{"line":249,"column":29},"end":{"line":249,"column":30}},"loc":{"start":{"line":249,"column":42},"end":{"line":263,"column":13}},"line":249},"29":{"name":"(anonymous_29)","decl":{"start":{"line":256,"column":27},"end":{"line":256,"column":28}},"loc":{"start":{"line":256,"column":33},"end":{"line":258,"column":17}},"line":256},"30":{"name":"(anonymous_30)","decl":{"start":{"line":267,"column":13},"end":{"line":267,"column":14}},"loc":{"start":{"line":267,"column":19},"end":{"line":270,"column":7}},"line":267},"31":{"name":"(anonymous_31)","decl":{"start":{"line":274,"column":23},"end":{"line":274,"column":24}},"loc":{"start":{"line":274,"column":45},"end":{"line":294,"column":3}},"line":274},"32":{"name":"(anonymous_32)","decl":{"start":{"line":283,"column":19},"end":{"line":283,"column":20}},"loc":{"start":{"line":283,"column":31},"end":{"line":290,"column":11}},"line":283},"33":{"name":"(anonymous_33)","decl":{"start":{"line":296,"column":30},"end":{"line":296,"column":31}},"loc":{"start":{"line":296,"column":61},"end":{"line":316,"column":3}},"line":296},"34":{"name":"(anonymous_34)","decl":{"start":{"line":298,"column":16},"end":{"line":298,"column":17}},"loc":{"start":{"line":299,"column":6},"end":{"line":314,"column":8}},"line":299},"35":{"name":"(anonymous_35)","decl":{"start":{"line":299,"column":23},"end":{"line":299,"column":24}},"loc":{"start":{"line":299,"column":36},"end":{"line":314,"column":7}},"line":299},"36":{"name":"(anonymous_36)","decl":{"start":{"line":304,"column":23},"end":{"line":304,"column":24}},"loc":{"start":{"line":304,"column":29},"end":{"line":308,"column":13}},"line":304},"37":{"name":"(anonymous_37)","decl":{"start":{"line":305,"column":51},"end":{"line":305,"column":52}},"loc":{"start":{"line":306,"column":16},"end":{"line":306,"column":69}},"line":306},"38":{"name":"(anonymous_38)","decl":{"start":{"line":318,"column":31},"end":{"line":318,"column":32}},"loc":{"start":{"line":322,"column":7},"end":{"line":340,"column":3}},"line":322},"39":{"name":"(anonymous_39)","decl":{"start":{"line":328,"column":16},"end":{"line":328,"column":17}},"loc":{"start":{"line":329,"column":6},"end":{"line":331,"column":7}},"line":329},"40":{"name":"(anonymous_40)","decl":{"start":{"line":329,"column":23},"end":{"line":329,"column":24}},"loc":{"start":{"line":330,"column":8},"end":{"line":330,"column":75}},"line":330},"41":{"name":"(anonymous_41)","decl":{"start":{"line":335,"column":15},"end":{"line":335,"column":16}},"loc":{"start":{"line":335,"column":21},"end":{"line":339,"column":5}},"line":335},"42":{"name":"(anonymous_42)","decl":{"start":{"line":336,"column":43},"end":{"line":336,"column":44}},"loc":{"start":{"line":337,"column":8},"end":{"line":337,"column":61}},"line":337},"43":{"name":"(anonymous_43)","decl":{"start":{"line":342,"column":36},"end":{"line":342,"column":37}},"loc":{"start":{"line":346,"column":7},"end":{"line":351,"column":3}},"line":346},"44":{"name":"(anonymous_44)","decl":{"start":{"line":353,"column":35},"end":{"line":353,"column":36}},"loc":{"start":{"line":353,"column":41},"end":{"line":356,"column":3}},"line":353},"45":{"name":"(anonymous_45)","decl":{"start":{"line":358,"column":35},"end":{"line":358,"column":36}},"loc":{"start":{"line":358,"column":47},"end":{"line":376,"column":3}},"line":358},"46":{"name":"(anonymous_46)","decl":{"start":{"line":368,"column":23},"end":{"line":368,"column":24}},"loc":{"start":{"line":368,"column":36},"end":{"line":371,"column":7}},"line":368},"47":{"name":"(anonymous_47)","decl":{"start":{"line":378,"column":24},"end":{"line":378,"column":25}},"loc":{"start":{"line":378,"column":65},"end":{"line":390,"column":3}},"line":378},"48":{"name":"(anonymous_48)","decl":{"start":{"line":381,"column":31},"end":{"line":381,"column":32}},"loc":{"start":{"line":381,"column":52},"end":{"line":384,"column":7}},"line":381},"49":{"name":"(anonymous_49)","decl":{"start":{"line":392,"column":26},"end":{"line":392,"column":27}},"loc":{"start":{"line":392,"column":60},"end":{"line":447,"column":3}},"line":392},"50":{"name":"(anonymous_50)","decl":{"start":{"line":449,"column":30},"end":{"line":449,"column":31}},"loc":{"start":{"line":451,"column":53},"end":{"line":483,"column":3}},"line":451},"51":{"name":"(anonymous_51)","decl":{"start":{"line":453,"column":14},"end":{"line":453,"column":15}},"loc":{"start":{"line":453,"column":24},"end":{"line":453,"column":35}},"line":453},"52":{"name":"(anonymous_52)","decl":{"start":{"line":454,"column":11},"end":{"line":454,"column":12}},"loc":{"start":{"line":454,"column":21},"end":{"line":481,"column":7}},"line":454},"53":{"name":"(anonymous_53)","decl":{"start":{"line":482,"column":14},"end":{"line":482,"column":15}},"loc":{"start":{"line":482,"column":24},"end":{"line":482,"column":37}},"line":482},"54":{"name":"(anonymous_54)","decl":{"start":{"line":485,"column":26},"end":{"line":485,"column":27}},"loc":{"start":{"line":485,"column":74},"end":{"line":495,"column":3}},"line":485},"55":{"name":"(anonymous_55)","decl":{"start":{"line":491,"column":22},"end":{"line":491,"column":23}},"loc":{"start":{"line":491,"column":32},"end":{"line":494,"column":5}},"line":491},"56":{"name":"(anonymous_56)","decl":{"start":{"line":497,"column":29},"end":{"line":497,"column":30}},"loc":{"start":{"line":500,"column":7},"end":{"line":560,"column":3}},"line":500},"57":{"name":"(anonymous_57)","decl":{"start":{"line":512,"column":6},"end":{"line":512,"column":7}},"loc":{"start":{"line":512,"column":13},"end":{"line":512,"column":79}},"line":512},"58":{"name":"(anonymous_58)","decl":{"start":{"line":536,"column":8},"end":{"line":536,"column":9}},"loc":{"start":{"line":537,"column":10},"end":{"line":538,"column":29}},"line":537},"59":{"name":"(anonymous_59)","decl":{"start":{"line":541,"column":8},"end":{"line":541,"column":9}},"loc":{"start":{"line":542,"column":10},"end":{"line":543,"column":73}},"line":542},"60":{"name":"(anonymous_60)","decl":{"start":{"line":562,"column":27},"end":{"line":562,"column":28}},"loc":{"start":{"line":565,"column":7},"end":{"line":599,"column":3}},"line":565},"61":{"name":"(anonymous_61)","decl":{"start":{"line":571,"column":8},"end":{"line":571,"column":9}},"loc":{"start":{"line":571,"column":15},"end":{"line":571,"column":74}},"line":571},"62":{"name":"(anonymous_62)","decl":{"start":{"line":601,"column":26},"end":{"line":601,"column":27}},"loc":{"start":{"line":601,"column":50},"end":{"line":613,"column":3}},"line":601},"63":{"name":"(anonymous_63)","decl":{"start":{"line":615,"column":37},"end":{"line":615,"column":38}},"loc":{"start":{"line":615,"column":49},"end":{"line":642,"column":3}},"line":615},"64":{"name":"(anonymous_64)","decl":{"start":{"line":644,"column":33},"end":{"line":644,"column":34}},"loc":{"start":{"line":644,"column":45},"end":{"line":691,"column":3}},"line":644},"65":{"name":"(anonymous_65)","decl":{"start":{"line":651,"column":8},"end":{"line":651,"column":9}},"loc":{"start":{"line":651,"column":21},"end":{"line":658,"column":9}},"line":651},"66":{"name":"(anonymous_66)","decl":{"start":{"line":653,"column":12},"end":{"line":653,"column":13}},"loc":{"start":{"line":654,"column":14},"end":{"line":655,"column":33}},"line":654},"67":{"name":"(anonymous_67)","decl":{"start":{"line":664,"column":10},"end":{"line":664,"column":11}},"loc":{"start":{"line":665,"column":12},"end":{"line":666,"column":31}},"line":665},"68":{"name":"(anonymous_68)","decl":{"start":{"line":676,"column":8},"end":{"line":676,"column":9}},"loc":{"start":{"line":676,"column":21},"end":{"line":683,"column":9}},"line":676},"69":{"name":"(anonymous_69)","decl":{"start":{"line":678,"column":12},"end":{"line":678,"column":13}},"loc":{"start":{"line":679,"column":14},"end":{"line":680,"column":33}},"line":679},"70":{"name":"(anonymous_70)","decl":{"start":{"line":693,"column":30},"end":{"line":693,"column":31}},"loc":{"start":{"line":693,"column":42},"end":{"line":736,"column":3}},"line":693},"71":{"name":"(anonymous_71)","decl":{"start":{"line":738,"column":26},"end":{"line":738,"column":27}},"loc":{"start":{"line":738,"column":38},"end":{"line":747,"column":3}},"line":738},"72":{"name":"(anonymous_72)","decl":{"start":{"line":749,"column":27},"end":{"line":749,"column":28}},"loc":{"start":{"line":749,"column":39},"end":{"line":757,"column":3}},"line":749},"73":{"name":"(anonymous_73)","decl":{"start":{"line":759,"column":33},"end":{"line":759,"column":34}},"loc":{"start":{"line":759,"column":39},"end":{"line":762,"column":3}},"line":759},"74":{"name":"(anonymous_74)","decl":{"start":{"line":764,"column":28},"end":{"line":764,"column":29}},"loc":{"start":{"line":764,"column":34},"end":{"line":938,"column":3}},"line":764},"75":{"name":"(anonymous_75)","decl":{"start":{"line":771,"column":14},"end":{"line":771,"column":15}},"loc":{"start":{"line":771,"column":20},"end":{"line":791,"column":5}},"line":771},"76":{"name":"(anonymous_76)","decl":{"start":{"line":772,"column":27},"end":{"line":772,"column":28}},"loc":{"start":{"line":772,"column":39},"end":{"line":788,"column":7}},"line":772},"77":{"name":"(anonymous_77)","decl":{"start":{"line":780,"column":10},"end":{"line":780,"column":11}},"loc":{"start":{"line":780,"column":20},"end":{"line":780,"column":75}},"line":780},"78":{"name":"(anonymous_78)","decl":{"start":{"line":793,"column":23},"end":{"line":793,"column":24}},"loc":{"start":{"line":793,"column":39},"end":{"line":801,"column":5}},"line":793},"79":{"name":"(anonymous_79)","decl":{"start":{"line":808,"column":24},"end":{"line":808,"column":25}},"loc":{"start":{"line":808,"column":30},"end":{"line":808,"column":64}},"line":808},"80":{"name":"(anonymous_80)","decl":{"start":{"line":850,"column":52},"end":{"line":850,"column":53}},"loc":{"start":{"line":853,"column":24},"end":{"line":882,"column":36}},"line":853},"81":{"name":"(anonymous_81)","decl":{"start":{"line":855,"column":35},"end":{"line":855,"column":36}},"loc":{"start":{"line":855,"column":41},"end":{"line":869,"column":27}},"line":855},"82":{"name":"(anonymous_82)","decl":{"start":{"line":860,"column":32},"end":{"line":860,"column":33}},"loc":{"start":{"line":860,"column":39
[...]
"binary-expr","locations":[{"start":{"line":617,"column":10},"end":{"line":617,"column":39}},{"start":{"line":617,"column":43},"end":{"line":617,"column":78}}],"line":617},"46":{"loc":{"start":{"line":646,"column":6},"end":{"line":646,"column":37}},"type":"if","locations":[{"start":{"line":646,"column":6},"end":{"line":646,"column":37}},{"start":{},"end":{}}],"line":646},"47":{"loc":{"start":{"line":668,"column":8},"end":{"line":671,"column":9}},"type":"if","locations":[{"start":{"line":668,"column":8},"end":{"line":671,"column":9}},{"start":{},"end":{}}],"line":668},"48":{"loc":{"start":{"line":694,"column":4},"end":{"line":694,"column":46}},"type":"if","locations":[{"start":{"line":694,"column":4},"end":{"line":694,"column":46}},{"start":{},"end":{}}],"line":694},"49":{"loc":{"start":{"line":700,"column":26},"end":{"line":700,"column":55}},"type":"cond-expr","locations":[{"start":{"line":700,"column":39},"end":{"line":700,"column":49}},{"start":{"line":700,"column":52},"end":{"line":700,"column":55}}],"line":700},"50":{"loc":{"start":{"line":705,"column":6},"end":{"line":711,"column":7}},"type":"if","locations":[{"start":{"line":705,"column":6},"end":{"line":711,"column":7}},{"start":{},"end":{}}],"line":705},"51":{"loc":{"start":{"line":705,"column":10},"end":{"line":705,"column":68}},"type":"binary-expr","locations":[{"start":{"line":705,"column":10},"end":{"line":705,"column":20}},{"start":{"line":705,"column":24},"end":{"line":705,"column":68}}],"line":705},"52":{"loc":{"start":{"line":714,"column":6},"end":{"line":726,"column":7}},"type":"if","locations":[{"start":{"line":714,"column":6},"end":{"line":726,"column":7}},{"start":{},"end":{}}],"line":714},"53":{"loc":{"start":{"line":715,"column":8},"end":{"line":716,"column":37}},"type":"binary-expr","locations":[{"start":{"line":715,"column":8},"end":{"line":715,"column":47}},{"start":{"line":716,"column":8},"end":{"line":716,"column":37}}],"line":715},"54":{"loc":{"start":{"line":720,"column":12},"end":{"line":720,"column":77}},"type":"cond-expr","locations":[{"start":{"line":720,"column":44},"end":{"line":720,"column":58}},{"start":{"line":720,"column":61},"end":{"line":720,"column":77}}],"line":720},"55":{"loc":{"start":{"line":739,"column":4},"end":{"line":739,"column":35}},"type":"if","locations":[{"start":{"line":739,"column":4},"end":{"line":739,"column":35}},{"start":{},"end":{}}],"line":739},"56":{"loc":{"start":{"line":750,"column":4},"end":{"line":750,"column":35}},"type":"if","locations":[{"start":{"line":750,"column":4},"end":{"line":750,"column":35}},{"start":{},"end":{}}],"line":750},"57":{"loc":{"start":{"line":765,"column":4},"end":{"line":765,"column":40}},"type":"if","locations":[{"start":{"line":765,"column":4},"end":{"line":765,"column":40}},{"start":{},"end":{}}],"line":765},"58":{"loc":{"start":{"line":774,"column":8},"end":{"line":777,"column":9}},"type":"if","locations":[{"start":{"line":774,"column":8},"end":{"line":777,"column":9}},{"start":{},"end":{}}],"line":774},"59":{"loc":{"start":{"line":784,"column":28},"end":{"line":784,"column":52}},"type":"binary-expr","locations":[{"start":{"line":784,"column":28},"end":{"line":784,"column":38}},{"start":{"line":784,"column":42},"end":{"line":784,"column":52}}],"line":784},"60":{"loc":{"start":{"line":826,"column":21},"end":{"line":830,"column":21}},"type":"binary-expr","locations":[{"start":{"line":826,"column":21},"end":{"line":826,"column":31}},{"start":{"line":827,"column":22},"end":{"line":829,"column":29}}],"line":826},"61":{"loc":{"start":{"line":841,"column":17},"end":{"line":886,"column":17}},"type":"binary-expr","locations":[{"start":{"line":841,"column":17},"end":{"line":841,"column":43}},{"start":{"line":842,"column":18},"end":{"line":885,"column":25}}],"line":841},"62":{"loc":{"start":{"line":951,"column":46},"end":{"line":951,"column":64}},"type":"cond-expr","locations":[{"start":{"line":951,"column":57},"end":{"line":951,"column":60}},{"start":{"line":951,"column":63},"end":{"line":951,"column":64}}],"line":951},"63":{"loc":{"start":{"line":1039,"column":4},"end":{"line":1041,"column":5}},"type":"if","locations":[{"start":{"line":1039,"column":4},"end":{"line":1041,"column":5}},{"start":{},"end":{}}],"line":1039},"64":{"loc":{"start":{"line":1049,"column":4},"end":{"line":1051,"column":5}},"type":"if","locations":[{"start":{"line":1049,"column":4},"end":{"line":1051,"column":5}},{"start":{},"end":{}}],"line":1049},"65":{"loc":{"start":{"line":1075,"column":14},"end":{"line":1082,"column":27}},"type":"cond-expr","locations":[{"start":{"line":1076,"column":16},"end":{"line":1081,"column":18}},{"start":{"line":1082,"column":18},"end":{"line":1082,"column":27}}],"line":1075}},"s":{"0":1,"1":1,"2":1,"3":1,"4":0,"5":0,"6":0,"7":0,"8":0,"9":21,"10":20,"11":20,"12":20,"13":20,"14":20,"15":20,"16":20,"17":20,"18":20,"19":20,"20":20,"21":20,"22":20,"23":20,"24":20,"25":1,"26":20,"27":1,"28":20,"29":8,"30":8,"31":0,"32":0,"33":0,"34":0,"35":0,"36":0,"37":8,"38":1,"39":2,"40":1,"41":0,"42":0,"43":0,"44":0,"45":0,"46":0,"47":7,"48":12,"49":7,"50":8,"51":20,"52":2,"53":2,"54":2,"55":2,"56":0,"57":20,"58":0,"59":0,"60":0,"61":0,"62":0,"63":20,"64":0,"65":20,"66":0,"67":0,"68":0,"69":20,"70":0,"71":0,"72":20,"73":8,"74":8,"75":8,"76":8,"77":8,"78":8,"79":0,"80":8,"81":20,"82":7,"83":7,"84":20,"85":20,"86":0,"87":0,"88":0,"89":0,"90":20,"91":20,"92":7,"93":7,"94":0,"95":0,"96":0,"97":0,"98":0,"99":0,"100":0,"101":0,"102":0,"103":0,"104":0,"105":0,"106":0,"107":0,"108":20,"109":2,"110":2,"111":2,"112":2,"113":0,"114":20,"115":0,"116":0,"117":0,"118":0,"119":0,"120":0,"121":0,"122":0,"123":0,"124":0,"125":20,"126":1,"127":1,"128":1,"129":3,"130":1,"131":1,"132":0,"133":20,"134":0,"135":0,"136":0,"137":0,"138":20,"139":0,"140":0,"141":20,"142":0,"143":0,"144":0,"145":0,"146":0,"147":0,"148":0,"149":0,"150":0,"151":0,"152":0,"153":20,"154":0,"155":0,"156":0,"157":0,"158":0,"159":0,"160":0,"161":20,"162":0,"163":0,"164":0,"165":0,"166":0,"167":0,"168":0,"169":0,"170":0,"171":0,"172":0,"173":0,"174":0,"175":0,"176":0,"177":0,"178":0,"179":0,"180":0,"181":0,"182":0,"183":0,"184":0,"185":0,"186":0,"187":0,"188":0,"189":20,"190":0,"191":0,"192":0,"193":0,"194":0,"195":0,"196":0,"197":0,"198":0,"199":0,"200":0,"201":0,"202":0,"203":0,"204":0,"205":0,"206":20,"207":0,"208":0,"209":0,"210":0,"211":0,"212":0,"213":20,"214":0,"215":0,"216":0,"217":0,"218":0,"219":0,"220":0,"221":0,"222":0,"223":0,"224":0,"225":0,"226":0,"227":0,"228":0,"229":0,"230":0,"231":0,"232":0,"233":0,"234":0,"235":0,"236":0,"237":0,"238":0,"239":0,"240":20,"241":0,"242":0,"243":0,"244":0,"245":0,"246":0,"247":0,"248":0,"249":0,"250":0,"251":0,"252":0,"253":0,"254":0,"255":20,"256":0,"257":0,"258":0,"259":0,"260":0,"261":0,"262":0,"263":0,"264":20,"265":0,"266":0,"267":0,"268":0,"269":0,"270":0,"271":0,"272":0,"273":0,"274":20,"275":0,"276":0,"277":0,"278":0,"279":0,"280":0,"281":0,"282":0,"283":0,"284":0,"285":0,"286":0,"287":0,"288":0,"289":0,"290":0,"291":0,"292":0,"293":0,"294":0,"295":0,"296":20,"297":0,"298":0,"299":0,"300":0,"301":0,"302":0,"303":0,"304":0,"305":0,"306":0,"307":0,"308":0,"309":0,"310":0,"311":0,"312":0,"313":0,"314":0,"315":0,"316":20,"317":0,"318":0,"319":0,"320":0,"321":0,"322":0,"323":20,"324":0,"325":0,"326":0,"327":0,"328":20,"329":0,"330":0,"331":20,"332":20,"333":20,"334":0,"335":0,"336":0,"337":0,"338":0,"339":0,"340":0,"341":0,"342":0,"343":0,"344":0,"345":0,"346":0,"347":0,"348":0,"349":0,"350":0,"351":0,"352":0,"353":0,"354":0,"355":0,"356":20,"357":28,"358":1,"359":0,"360":2,"361":0,"362":0,"363":0,"364":1,"365":0,"366":20,"367":30,"368":30,"369":30,"370":27,"371":3,"372":3,"373":3,"374":3,"375":0,"376":3,"377":3,"378":20,"379":20,"380":0,"381":0,"382":0,"383":1,"384":1,"385":0,"386":0,"387":0,"388":0,"389":0,"390":0,"391":0},"f":{"0":0,"1":0,"2":0,"3":21,"4":1,"5":1,"6":8,"7":0,"8":2,"9":0,"10":0,"11":12,"12":2,"13":0,"14":0,"15":0,"16":0,"17":0,"18":8,"19":8,"20":7,"21":7,"22":20,"23":0,"24":7,"25":0,"26":0,"27":0,"28":0,"29":0,"30":0,"31":2,"32":2,"33":0,"34":0,"35":0,"36":0,"37":0,"38":1,"39":1,"40":3,"41":1,"42":0,"43":0,"44":0,"45":0,"46":0,"47":0,"48":0,"49":0,"50":0,"51":0,"52":0,"53":0,"54":0,"55":0,"56":0,"57":0,"58":0,"59":0,"60":0,"61":0,"62":0,"63":0,"64":0,"65":0,"66":0,"67":0,"68":0,"69":0,"70":0,"71":0,"72":0,"73":0,"74":20,"75":0,"76":0,"77":0,"78":0,"79":0,"80":0,"81":0,"82":0,"83":28,"84":1,"85":0,"86":2,"87":0,"88":0,"89":0,"90":1,"91":0,"92":30,"93":0,"94":0,"95":1,"96":0,"97":0,"98":0,"99":0,"100":0},"b":{"0":[0,0],"1":[0,8],"2":[1,0,0,7],"3":[2,0],"4":[0,0],"5":[8,0],"6":[0,0],"7":[0,7],"8":[7,0],"9":[0,0],"10":[0,0],"11":[0,0],"12":[0,0],"13":[0,0],"14":[0,0],"15":[0,0],"16":[1,0],"17":[1,2],"18":[0,0],"19":[0,0],"20":[0,0],"21":[0,0],"22":[0,0],"23":[0,0],"24":[0,0],"25":[0,0],"26":[0,0,0],"27":[0,0],"28":[0,0],"29":[0,0],"30":[0,0],"31":[0,0],"32":[0,0],"33":[0,0],"34":[0,0],"35":[0,0],"36":[0,0],"37":[0,0],"38":[0,0],"39":[0,0],"40":[0,0],"41":[0,0],"42":[0,0],"43":[0,0],"44":[0,0],"45":[0,0],"46":[0,0],"47":[0,0],"48":[0,0],"49":[0,0],"50":[0,0],"51":[0,0],"52":[0,0],"53":[0,0],"54":[0,0],"55":[0,0],"56":[0,0],"57":[20,0],"58":[0,0],"59":[0,0],"60":[0,0],"61":[0,0],"62":[0,28],"63":[27,3],"64":[0,3],"65":[1,19]},"_coverageSchema":"1a1c01bbd47fc00a2c39e90264f33305004495a9","hash":"52b7f4cb46856067d5a6af68181d31568339f573"}
,"C:\\Users\\Mah\\Documents\\Trabalho\\Listai\\src\\styles\\HomeScreenStyles.ts": {"path":"C:\\Users\\Mah\\Documents\\Trabalho\\Listai\\src\\styles\\HomeScreenStyles.ts","statementMap":{"0":{"start":{"line":51,"column":38},"end":{"line":276,"column":2}},"1":{"start":{"line":51,"column":59},"end":{"line":276,"column":2}}},"fnMap":{"0":{"name":"(anonymous_0)","decl":{"start":{"line":51,"column":38},"end":{"line":51,"column":39}},"loc":{"start":{"line":51,"column":59},"end":{"line":276,"column":2}},"line":51}},"branchMap":{},"s":{"0":1,"1":20},"f":{"0":20},"b":{},"_coverageSchema":"1a1c01bbd47fc00a2c39e90264f33305004495a9","hash":"53ec9de70c6549f4b02519241c4ccf19b725dbb1"}
,"C:\\Users\\Mah\\Documents\\Trabalho\\Listai\\src\\utils\\similarityUtils.ts": {"path":"C:\\Users\\Mah\\Documents\\Trabalho\\Listai\\src\\utils\\similarityUtils.ts","statementMap":{"0":{"start":{"line":3,"column":30},"end":{"line":10,"column":1}},"1":{"start":{"line":4,"column":2},"end":{"line":9,"column":12}},"2":{"start":{"line":12,"column":35},"end":{"line":25,"column":1}},"3":{"start":{"line":13,"column":13},"end":{"line":13,"column":33}},"4":{"start":{"line":14,"column":13},"end":{"line":14,"column":33}},"5":{"start":{"line":16,"column":2},"end":{"line":16,"column":26}},"6":{"start":{"line":16,"column":17},"end":{"line":16,"column":26}},"7":{"start":{"line":17,"column":2},"end":{"line":17,"column":51}},"8":{"start":{"line":17,"column":42},"end":{"line":17,"column":51}},"9":{"start":{"line":19,"column":17},"end":{"line":19,"column":29}},"10":{"start":{"line":20,"column":17},"end":{"line":20,"column":29}},"11":{"start":{"line":21,"column":16},"end":{"line":21,"column":41}},"12":{"start":{"line":22,"column":23},"end":{"line":22,"column":75}},"13":{"start":{"line":22,"column":55},"end":{"line":22,"column":68}},"14":{"start":{"line":24,"column":2},"end":{"line":24,"column":38}},"15":{"start":{"line":27,"column":17},"end":{"line":33,"column":1}},"16":{"start":{"line":28,"column":16},"end":{"line":28,"column":33}},"17":{"start":{"line":29,"column":2},"end":{"line":31,"column":3}},"18":{"start":{"line":29,"column":15},"end":{"line":29,"column":16}},"19":{"start":{"line":30,"column":4},"end":{"line":30,"column":35}},"20":{"start":{"line":32,"column":2},"end":{"line":32,"column":15}},"21":{"start":{"line":35,"column":35},"end":{"line":46,"column":1}},"22":{"start":{"line":36,"column":30},"end":{"line":36,"column":50}},"23":{"start":{"line":38,"column":2},"end":{"line":45,"column":35}},"24":{"start":{"line":39,"column":21},"end":{"line":42,"column":5}},"25":{"start":{"line":43,"column":32},"end":{"line":43,"column":65}},"26":{"start":{"line":44,"column":20},"end":{"line":44,"column":47}},"27":{"start":{"line":45,"column":26},"end":{"line":45,"column":33}}},"fnMap":{"0":{"name":"(anonymous_0)","decl":{"start":{"line":3,"column":30},"end":{"line":3,"column":31}},"loc":{"start":{"line":3,"column":56},"end":{"line":10,"column":1}},"line":3},"1":{"name":"(anonymous_1)","decl":{"start":{"line":12,"column":35},"end":{"line":12,"column":36}},"loc":{"start":{"line":12,"column":75},"end":{"line":25,"column":1}},"line":12},"2":{"name":"(anonymous_2)","decl":{"start":{"line":22,"column":50},"end":{"line":22,"column":51}},"loc":{"start":{"line":22,"column":55},"end":{"line":22,"column":68}},"line":22},"3":{"name":"(anonymous_3)","decl":{"start":{"line":27,"column":17},"end":{"line":27,"column":18}},"loc":{"start":{"line":27,"column":47},"end":{"line":33,"column":1}},"line":27},"4":{"name":"(anonymous_4)","decl":{"start":{"line":35,"column":35},"end":{"line":35,"column":36}},"loc":{"start":{"line":35,"column":120},"end":{"line":46,"column":1}},"line":35},"5":{"name":"(anonymous_5)","decl":{"start":{"line":39,"column":9},"end":{"line":39,"column":10}},"loc":{"start":{"line":39,"column":21},"end":{"line":42,"column":5}},"line":39},"6":{"name":"(anonymous_6)","decl":{"start":{"line":43,"column":12},"end":{"line":43,"column":13}},"loc":{"start":{"line":43,"column":32},"end":{"line":43,"column":65}},"line":43},"7":{"name":"(anonymous_7)","decl":{"start":{"line":44,"column":10},"end":{"line":44,"column":11}},"loc":{"start":{"line":44,"column":20},"end":{"line":44,"column":47}},"line":44},"8":{"name":"(anonymous_8)","decl":{"start":{"line":45,"column":9},"end":{"line":45,"column":10}},"loc":{"start":{"line":45,"column":26},"end":{"line":45,"column":33}},"line":45}},"branchMap":{"0":{"loc":{"start":{"line":16,"column":2},"end":{"line":16,"column":26}},"type":"if","locations":[{"start":{"line":16,"column":2},"end":{"line":16,"column":26}},{"start":{},"end":{}}],"line":16},"1":{"loc":{"start":{"line":17,"column":2},"end":{"line":17,"column":51}},"type":"if","locations":[{"start":{"line":17,"column":2},"end":{"line":17,"column":51}},{"start":{},"end":{}}],"line":17},"2":{"loc":{"start":{"line":17,"column":6},"end":{"line":17,"column":40}},"type":"binary-expr","locations":[{"start":{"line":17,"column":6},"end":{"line":17,"column":21}},{"start":{"line":17,"column":25},"end":{"line":17,"column":40}}],"line":17},"3":{"loc":{"start":{"line":35,"column":71},"end":{"line":35,"column":104}},"type":"default-arg","locations":[{"start":{"line":35,"column":101},"end":{"line":35,"column":104}}],"line":35}},"s":{"0":2,"1":203,"2":2,"3":47,"4":47,"5":47,"6":12,"7":35,"8":2,"9":33,"10":33,"11":33,"12":33,"13":132,"14":33,"15":2,"16":66,"17":66,"18":66,"19":400,"20":66,"21":2,"22":6,"23":6,"24":30,"25":30,"26":2,"27":7},"f":{"0":203,"1":47,"2":132,"3":66,"4":6,"5":30,"6":30,"7":2,"8":7},"b":{"0":[12,35],"1":[2,33],"2":[35,34],"3":[2]},"_coverageSchema":"1a1c01bbd47fc00a2c39e90264f33305004495a9","hash":"d0fa21c139aa4b858dbc702453ceb1564cd11363"}
,"C:\\Users\\Mah\\Documents\\Trabalho\\Listai\\src\\utils\\stringUtils.ts": {"path":"C:\\Users\\Mah\\Documents\\Trabalho\\Listai\\src\\utils\\stringUtils.ts","statementMap":{"0":{"start":{"line":2,"column":34},"end":{"line":17,"column":3}},"1":{"start":{"line":3,"column":22},"end":{"line":3,"column":40}},"2":{"start":{"line":4,"column":4},"end":{"line":4,"column":50}},"3":{"start":{"line":4,"column":38},"end":{"line":4,"column":50}},"4":{"start":{"line":5,"column":4},"end":{"line":5,"column":51}},"5":{"start":{"line":5,"column":39},"end":{"line":5,"column":51}},"6":{"start":{"line":6,"column":4},"end":{"line":6,"column":52}},"7":{"start":{"line":6,"column":40},"end":{"line":6,"column":52}},"8":{"start":{"line":7,"column":4},"end":{"line":7,"column":49}},"9":{"start":{"line":7,"column":37},"end":{"line":7,"column":49}},"10":{"start":{"line":8,"column":4},"end":{"line":8,"column":50}},"11":{"start":{"line":8,"column":38},"end":{"line":8,"column":50}},"12":{"start":{"line":9,"column":4},"end":{"line":9,"column":49}},"13":{"start":{"line":9,"column":37},"end":{"line":9,"column":49}},"14":{"start":{"line":10,"column":4},"end":{"line":10,"column":53}},"15":{"start":{"line":10,"column":41},"end":{"line":10,"column":53}},"16":{"start":{"line":11,"column":4},"end":{"line":11,"column":52}},"17":{"start":{"line":11,"column":40},"end":{"line":11,"column":52}},"18":{"start":{"line":12,"column":4},"end":{"line":12,"column":52}},"19":{"start":{"line":12,"column":40},"end":{"line":12,"column":52}},"20":{"start":{"line":13,"column":4},"end":{"line":13,"column":50}},"21":{"start":{"line":13,"column":38},"end":{"line":13,"column":50}},"22":{"start":{"line":14,"column":4},"end":{"line":14,"column":47}},"23":{"start":{"line":14,"column":35},"end":{"line":14,"column":47}},"24":{"start":{"line":15,"column":4},"end":{"line":15,"column":52}},"25":{"start":{"line":15,"column":40},"end":{"line":15,"column":52}},"26":{"start":{"line":16,"column":4},"end":{"line":16,"column":17}}},"fnMap":{"0":{"name":"(anonymous_0)","decl":{"start":{"line":2,"column":34},"end":{"line":2,"column":35}},"loc":{"start":{"line":2,"column":60},"end":{"line":17,"column":3}},"line":2}},"branchMap":{"0":{"loc":{"start":{"line":4,"column":4},"end":{"line":4,"column":50}},"type":"if","locations":[{"start":{"line":4,"column":4},"end":{"line":4,"column":50}},{"start":{},"end":{}}],"line":4},"1":{"loc":{"start":{"line":5,"column":4},"end":{"line":5,"column":51}},"type":"if","locations":[{"start":{"line":5,"column":4},"end":{"line":5,"column":51}},{"start":{},"end":{}}],"line":5},"2":{"loc":{"start":{"line":6,"column":4},"end":{"line":6,"column":52}},"type":"if","locations":[{"start":{"line":6,"column":4},"end":{"line":6,"column":52}},{"start":{},"end":{}}],"line":6},"3":{"loc":{"start":{"line":7,"column":4},"end":{"line":7,"column":49}},"type":"if","locations":[{"start":{"line":7,"column":4},"end":{"line":7,"column":49}},{"start":{},"end":{}}],"line":7},"4":{"loc":{"start":{"line":8,"column":4},"end":{"line":8,"column":50}},"type":"if","locations":[{"start":{"line":8,"column":4},"end":{"line":8,"column":50}},{"start":{},"end":{}}],"line":8},"5":{"loc":{"start":{"line":9,"column":4},"end":{"line":9,"column":49}},"type":"if","locations":[{"start":{"line":9,"column":4},"end":{"line":9,"column":49}},{"start":{},"end":{}}],"line":9},"6":{"loc":{"start":{"line":10,"column":4},"end":{"line":10,"column":53}},"type":"if","locations":[{"start":{"line":10,"column":4},"end":{"line":10,"column":53}},{"start":{},"end":{}}],"line":10},"7":{"loc":{"start":{"line":11,"column":4},"end":{"line":11,"column":52}},"type":"if","locations":[{"start":{"line":11,"column":4},"end":{"line":11,"column":52}},{"start":{},"end":{}}],"line":11},"8":{"loc":{"start":{"line":12,"column":4},"end":{"line":12,"column":52}},"type":"if","locations":[{"start":{"line":12,"column":4},"end":{"line":12,"column":52}},{"start":{},"end":{}}],"line":12},"9":{"loc":{"start":{"line":13,"column":4},"end":{"line":13,"column":50}},"type":"if","locations":[{"start":{"line":13,"column":4},"end":{"line":13,"column":50}},{"start":{},"end":{}}],"line":13},"10":{"loc":{"start":{"line":14,"column":4},"end":{"line":14,"column":47}},"type":"if","locations":[{"start":{"line":14,"column":4},"end":{"line":14,"column":47}},{"start":{},"end":{}}],"line":14},"11":{"loc":{"start":{"line":15,"column":4},"end":{"line":15,"column":52}},"type":"if","locations":[{"start":{"line":15,"column":4},"end":{"line":15,"column":52}},{"start":{},"end":{}}],"line":15}},"s":{"0":2,"1":50,"2":50,"3":13,"4":37,"5":2,"6":35,"7":1,"8":34,"9":11,"10":23,"11":1,"12":22,"13":2,"14":20,"15":1,"16":19,"17":2,"18":17,"19":1,"20":16,"21":1,"22":15,"23":2,"24":13,"25":1,"26":12},"f":{"0":50},"b":{"0":[13,37],"1":[2,35],"2":[1,34],"3":[11,23],"4":[1,22],"5":[2,20],"6":[1,19],"7":[2,17],"8":[1,16],"9":[1,15],"10":[2,13],"11":[1,12]},"_coverageSchema":"1a1c01bbd47fc00a2c39e90264f33305004495a9","hash":"56b4afffbe208b24df09f3eff1837da4ea83cca9"}
}
