TN:
SF:src\components\ConfirmationModal.tsx
FN:4,(anonymous_0)
FNF:1
FNH:0
FNDA:0,(anonymous_0)
DA:4,0
DA:5,0
DA:26,0
LF:3
LH:0
BRF:0
BRH:0
end_of_record
TN:
SF:src\database\database.ts
FN:5,(anonymous_0)
FN:40,(anonymous_1)
FN:79,(anonymous_2)
FN:84,(anonymous_3)
FN:91,(anonymous_4)
FN:106,(anonymous_5)
FN:125,(anonymous_6)
FN:130,(anonymous_7)
FN:144,(anonymous_8)
FN:148,(anonymous_9)
FN:160,(anonymous_10)
FN:198,(anonymous_11)
FN:199,(anonymous_12)
FN:228,(anonymous_13)
FN:231,(anonymous_14)
FN:251,(anonymous_15)
FN:266,(anonymous_16)
FN:267,(anonymous_17)
FN:279,(anonymous_18)
FN:282,(anonymous_19)
FN:302,(anonymous_20)
FN:326,(anonymous_21)
FN:327,(anonymous_22)
FN:338,(anonymous_23)
FN:341,(anonymous_24)
FN:348,(anonymous_25)
FN:371,(anonymous_26)
FN:372,(anonymous_27)
FN:387,(anonymous_28)
FN:392,(anonymous_29)
FN:408,(anonymous_30)
FN:424,(anonymous_31)
FNF:32
FNH:24
FNDA:24,(anonymous_0)
FNDA:32,(anonymous_1)
FNDA:1,(anonymous_2)
FNDA:3,(anonymous_3)
FNDA:1,(anonymous_4)
FNDA:3,(anonymous_5)
FNDA:4,(anonymous_6)
FNDA:4,(anonymous_7)
FNDA:0,(anonymous_8)
FNDA:0,(anonymous_9)
FNDA:5,(anonymous_10)
FNDA:5,(anonymous_11)
FNDA:5,(anonymous_12)
FNDA:4,(anonymous_13)
FNDA:4,(anonymous_14)
FNDA:2,(anonymous_15)
FNDA:0,(anonymous_16)
FNDA:0,(anonymous_17)
FNDA:0,(anonymous_18)
FNDA:0,(anonymous_19)
FNDA:0,(anonymous_20)
FNDA:2,(anonymous_21)
FNDA:2,(anonymous_22)
FNDA:2,(anonymous_23)
FNDA:2,(anonymous_24)
FNDA:2,(anonymous_25)
FNDA:2,(anonymous_26)
FNDA:2,(anonymous_27)
FNDA:2,(anonymous_28)
FNDA:2,(anonymous_29)
FNDA:2,(anonymous_30)
FNDA:0,(anonymous_31)
DA:3,1
DA:5,1
DA:8,24
DA:9,1
DA:11,1
DA:12,1
DA:33,0
DA:34,0
DA:37,24
DA:40,1
DA:41,32
DA:42,0
DA:46,32
DA:63,1
DA:79,1
DA:80,1
DA:81,1
DA:84,3
DA:86,0
DA:87,0
DA:91,1
DA:98,1
DA:99,1
DA:103,1
DA:106,1
DA:107,3
DA:108,3
DA:111,3
DA:112,3
DA:113,3
DA:114,1
DA:116,2
DA:117,1
DA:119,1
DA:123,2
DA:124,1
DA:125,4
DA:127,1
DA:129,1
DA:130,1
DA:131,4
DA:133,1
DA:144,1
DA:148,0
DA:149,0
DA:150,0
DA:153,0
DA:155,0
DA:160,1
DA:164,5
DA:165,5
DA:167,5
DA:172,4
DA:173,1
DA:176,3
DA:182,2
DA:186,2
DA:187,1
DA:189,1
DA:192,3
DA:193,3
DA:194,3
DA:198,1
DA:199,5
DA:200,5
DA:201,5
DA:202,5
DA:205,1
DA:207,4
DA:211,3
DA:212,3
DA:213,3
DA:214,2
DA:217,2
DA:219,1
DA:222,1
DA:228,1
DA:231,4
DA:232,4
DA:233,4
DA:234,4
DA:235,4
DA:237,4
DA:238,2
DA:240,2
DA:244,2
DA:245,1
DA:246,1
DA:248,1
DA:250,3
DA:251,2
DA:258,2
DA:260,1
DA:261,1
DA:266,1
DA:267,0
DA:268,0
DA:269,0
DA:272,0
DA:274,0
DA:279,1
DA:282,0
DA:283,0
DA:284,0
DA:285,0
DA:286,0
DA:287,0
DA:292,0
DA:298,0
DA:302,0
DA:303,0
DA:307,0
DA:308,0
DA:312,0
DA:318,0
DA:320,0
DA:321,0
DA:326,1
DA:327,2
DA:328,2
DA:329,2
DA:330,1
DA:332,1
DA:333,1
DA:338,1
DA:341,2
DA:344,2
DA:345,2
DA:346,2
DA:348,1
DA:349,2
DA:355,1
DA:356,1
DA:359,1
DA:360,1
DA:361,1
DA:363,0
DA:366,1
DA:371,1
DA:372,2
DA:373,2
DA:374,2
DA:375,2
DA:379,1
DA:381,1
DA:382,1
DA:387,1
DA:392,2
DA:393,2
DA:394,2
DA:395,2
DA:396,2
DA:400,1
DA:402,1
DA:403,1
DA:408,1
DA:412,2
DA:413,2
DA:414,2
DA:419,1
DA:420,1
DA:424,1
DA:428,0
DA:430,0
DA:431,0
DA:432,0
DA:458,0
DA:459,0
DA:460,0
LF:169
LH:130
BRDA:6,0,0,24
BRDA:8,1,0,1
BRDA:8,1,1,23
BRDA:41,2,0,0
BRDA:41,2,1,32
BRDA:98,3,0,1
BRDA:98,3,1,0
BRDA:116,4,0,1
BRDA:116,4,1,1
BRDA:123,5,0,1
BRDA:123,5,1,1
BRDA:131,6,0,1
BRDA:131,6,1,3
BRDA:172,7,0,1
BRDA:172,7,1,3
BRDA:186,8,0,1
BRDA:186,8,1,1
BRDA:186,9,0,2
BRDA:186,9,1,1
BRDA:207,10,0,3
BRDA:207,10,1,1
BRDA:208,11,0,4
BRDA:208,11,1,3
BRDA:237,12,0,2
BRDA:237,12,1,2
BRDA:244,13,0,1
BRDA:244,13,1,1
BRDA:285,14,0,0
BRDA:285,14,1,0
BRDA:307,15,0,0
BRDA:307,15,1,0
BRDA:359,16,0,1
BRDA:359,16,1,0
BRF:33
BRH:26
end_of_record
TN:
SF:src\screens\AddProductScreen.tsx
FN:11,AddProductScreen
FN:17,(anonymous_1)
FNF:2
FNH:2
FNDA:11,AddProductScreen
FNDA:2,(anonymous_1)
DA:12,11
DA:13,10
DA:14,10
DA:15,10
DA:17,10
DA:18,2
DA:19,2
DA:23,1
DA:25,1
DA:29,10
DA:74,1
LF:11
LH:11
BRDA:31,0,0,10
BRDA:31,0,1,0
BRDA:64,1,0,10
BRDA:64,1,1,6
BRF:4
BRH:3
end_of_record
TN:
SF:src\screens\EditProductScreen.tsx
FN:43,EditProductScreen
FN:54,(anonymous_1)
FN:63,(anonymous_2)
FN:74,(anonymous_3)
FN:85,(anonymous_4)
FN:97,(anonymous_5)
FN:109,(anonymous_6)
FN:124,(anonymous_7)
FN:132,(anonymous_8)
FN:146,(anonymous_9)
FN:152,(anonymous_10)
FN:181,(anonymous_11)
FN:197,(anonymous_12)
FN:254,(anonymous_13)
FN:263,(anonymous_14)
FNF:15
FNH:14
FNDA:23,EditProductScreen
FNDA:8,(anonymous_1)
FNDA:8,(anonymous_2)
FNDA:1,(anonymous_3)
FNDA:1,(anonymous_4)
FNDA:1,(anonymous_5)
FNDA:1,(anonymous_6)
FNDA:24,(anonymous_7)
FNDA:24,(anonymous_8)
FNDA:24,(anonymous_9)
FNDA:24,(anonymous_10)
FNDA:1,(anonymous_11)
FNDA:3,(anonymous_12)
FNDA:0,(anonymous_13)
FNDA:24,(anonymous_14)
DA:44,23
DA:45,23
DA:46,23
DA:47,22
DA:48,22
DA:49,22
DA:50,22
DA:51,22
DA:54,22
DA:55,8
DA:56,8
DA:57,8
DA:58,8
DA:63,22
DA:64,8
DA:65,8
DA:66,8
DA:67,8
DA:69,0
DA:74,22
DA:75,1
DA:76,1
DA:77,1
DA:78,1
DA:80,0
DA:85,22
DA:86,1
DA:87,1
DA:88,1
DA:89,1
DA:90,1
DA:92,0
DA:97,22
DA:98,1
DA:99,1
DA:110,1
DA:111,1
DA:112,1
DA:114,0
DA:124,22
DA:125,24
DA:126,24
DA:132,22
DA:133,24
DA:134,24
DA:142,22
DA:146,24
DA:152,24
DA:157,22
DA:182,1
DA:183,1
DA:197,3
DA:254,0
DA:264,24
DA:285,1
LF:55
LH:50
BRDA:46,0,0,23
BRDA:46,0,1,0
BRDA:50,1,0,22
BRDA:50,1,1,0
BRDA:55,2,0,8
BRDA:55,2,1,0
BRDA:64,3,0,8
BRDA:64,3,1,0
BRDA:67,4,0,8
BRDA:67,4,1,0
BRDA:75,5,0,1
BRDA:75,5,1,0
BRDA:86,6,0,1
BRDA:86,6,1,0
BRDA:98,7,0,1
BRDA:98,7,1,0
BRDA:161,8,0,4
BRDA:161,8,1,18
BRDA:182,9,0,1
BRDA:182,9,1,0
BRDA:243,10,0,12
BRDA:243,10,1,10
BRDA:254,11,0,0
BRF:23
BRH:13
end_of_record
TN:
SF:src\screens\HomeScreen.tsx
FN:98,(anonymous_0)
FN:100,(anonymous_1)
FN:104,(anonymous_2)
FN:110,HomeScreen
FN:136,(anonymous_4)
FN:137,(anonymous_5)
FN:139,(anonymous_6)
FN:145,(anonymous_7)
FN:162,(anonymous_8)
FN:165,(anonymous_9)
FN:168,(anonymous_10)
FN:171,(anonymous_11)
FN:177,(anonymous_12)
FN:188,(anonymous_13)
FN:191,(anonymous_14)
FN:196,(anonymous_15)
FN:200,(anonymous_16)
FN:206,(anonymous_17)
FN:211,(anonymous_18)
FN:212,(anonymous_19)
FN:226,(anonymous_20)
FN:227,(anonymous_21)
FN:232,(anonymous_22)
FN:233,(anonymous_23)
FN:243,(anonymous_24)
FN:246,(anonymous_25)
FN:247,(anonymous_26)
FN:248,(anonymous_27)
FN:249,(anonymous_28)
FN:256,(anonymous_29)
FN:267,(anonymous_30)
FN:274,(anonymous_31)
FN:283,(anonymous_32)
FN:296,(anonymous_33)
FN:298,(anonymous_34)
FN:299,(anonymous_35)
FN:304,(anonymous_36)
FN:305,(anonymous_37)
FN:318,(anonymous_38)
FN:328,(anonymous_39)
FN:329,(anonymous_40)
FN:335,(anonymous_41)
FN:336,(anonymous_42)
FN:342,(anonymous_43)
FN:353,(anonymous_44)
FN:358,(anonymous_45)
FN:368,(anonymous_46)
FN:378,(anonymous_47)
FN:381,(anonymous_48)
FN:392,(anonymous_49)
FN:449,(anonymous_50)
FN:453,(anonymous_51)
FN:454,(anonymous_52)
FN:482,(anonymous_53)
FN:485,(anonymous_54)
FN:491,(anonymous_55)
FN:497,(anonymous_56)
FN:512,(anonymous_57)
FN:536,(anonymous_58)
FN:541,(anonymous_59)
FN:562,(anonymous_60)
FN:571,(anonymous_61)
FN:601,(anonymous_62)
FN:615,(anonymous_63)
FN:644,(anonymous_64)
FN:651,(anonymous_65)
FN:653,(anonymous_66)
FN:664,(anonymous_67)
FN:676,(anonymous_68)
FN:678,(anonymous_69)
FN:693,(anonymous_70)
FN:738,(anonymous_71)
FN:749,(anonymous_72)
FN:759,(anonymous_73)
FN:764,(anonymous_74)
FN:771,(anonymous_75)
FN:772,(anonymous_76)
FN:780,(anonymous_77)
FN:793,(anonymous_78)
FN:808,(anonymous_79)
FN:850,(anonymous_80)
FN:855,(anonymous_81)
FN:860,(anonymous_82)
FN:940,(anonymous_83)
FN:953,(anonymous_84)
FN:970,(anonymous_85)
FN:978,(anonymous_86)
FN:992,(anonymous_87)
FN:1004,(anonymous_88)
FN:1007,(anonymous_89)
FN:1015,(anonymous_90)
FN:1018,(anonymous_91)
FN:1034,(anonymous_92)
FN:1079,(anonymous_93)
FN:1122,(anonymous_94)
FN:1130,(anonymous_95)
FN:1138,(anonymous_96)
FN:1146,(anonymous_97)
FN:1158,(anonymous_98)
FN:1167,(anonymous_99)
FN:1173,(anonymous_100)
FNF:101
FNH:26
FNDA:0,(anonymous_0)
FNDA:0,(anonymous_1)
FNDA:0,(anonymous_2)
FNDA:21,HomeScreen
FNDA:1,(anonymous_4)
FNDA:1,(anonymous_5)
FNDA:8,(anonymous_6)
FNDA:0,(anonymous_7)
FNDA:2,(anonymous_8)
FNDA:0,(anonymous_9)
FNDA:0,(anonymous_10)
FNDA:12,(anonymous_11)
FNDA:2,(anonymous_12)
FNDA:0,(anonymous_13)
FNDA:0,(anonymous_14)
FNDA:0,(anonymous_15)
FNDA:0,(anonymous_16)
FNDA:0,(anonymous_17)
FNDA:8,(anonymous_18)
FNDA:8,(anonymous_19)
FNDA:7,(anonymous_20)
FNDA:7,(anonymous_21)
FNDA:20,(anonymous_22)
FNDA:0,(anonymous_23)
FNDA:7,(anonymous_24)
FNDA:0,(anonymous_25)
FNDA:0,(anonymous_26)
FNDA:0,(anonymous_27)
FNDA:0,(anonymous_28)
FNDA:0,(anonymous_29)
FNDA:0,(anonymous_30)
FNDA:2,(anonymous_31)
FNDA:2,(anonymous_32)
FNDA:0,(anonymous_33)
FNDA:0,(anonymous_34)
FNDA:0,(anonymous_35)
FNDA:0,(anonymous_36)
FNDA:0,(anonymous_37)
FNDA:1,(anonymous_38)
FNDA:1,(anonymous_39)
FNDA:3,(anonymous_40)
FNDA:1,(anonymous_41)
FNDA:0,(anonymous_42)
FNDA:0,(anonymous_43)
FNDA:0,(anonymous_44)
FNDA:0,(anonymous_45)
FNDA:0,(anonymous_46)
FNDA:0,(anonymous_47)
FNDA:0,(anonymous_48)
FNDA:0,(anonymous_49)
FNDA:0,(anonymous_50)
FNDA:0,(anonymous_51)
FNDA:0,(anonymous_52)
FNDA:0,(anonymous_53)
FNDA:0,(anonymous_54)
FNDA:0,(anonymous_55)
FNDA:0,(anonymous_56)
FNDA:0,(anonymous_57)
FNDA:0,(anonymous_58)
FNDA:0,(anonymous_59)
FNDA:0,(anonymous_60)
FNDA:0,(anonymous_61)
FNDA:0,(anonymous_62)
FNDA:0,(anonymous_63)
FNDA:0,(anonymous_64)
FNDA:0,(anonymous_65)
FNDA:0,(anonymous_66)
FNDA:0,(anonymous_67)
FNDA:0,(anonymous_68)
FNDA:0,(anonymous_69)
FNDA:0,(anonymous_70)
FNDA:0,(anonymous_71)
FNDA:0,(anonymous_72)
FNDA:0,(anonymous_73)
FNDA:20,(anonymous_74)
FNDA:0,(anonymous_75)
FNDA:0,(anonymous_76)
FNDA:0,(anonymous_77)
FNDA:0,(anonymous_78)
FNDA:0,(anonymous_79)
FNDA:0,(anonymous_80)
FNDA:0,(anonymous_81)
FNDA:0,(anonymous_82)
FNDA:28,(anonymous_83)
FNDA:1,(anonymous_84)
FNDA:0,(anonymous_85)
FNDA:2,(anonymous_86)
FNDA:0,(anonymous_87)
FNDA:0,(anonymous_88)
FNDA:0,(anonymous_89)
FNDA:1,(anonymous_90)
FNDA:0,(anonymous_91)
FNDA:30,(anonymous_92)
FNDA:0,(anonymous_93)
FNDA:0,(anonymous_94)
FNDA:1,(anonymous_95)
FNDA:0,(anonymous_96)
FNDA:0,(anonymous_97)
FNDA:0,(anonymous_98)
FNDA:0,(anonymous_99)
FNDA:0,(anonymous_100)
DA:93,1
DA:94,1
DA:96,1
DA:98,1
DA:100,0
DA:101,0
DA:102,0
DA:104,0
DA:105,0
DA:111,21
DA:112,20
DA:113,20
DA:114,20
DA:115,20
DA:116,20
DA:117,20
DA:118,20
DA:119,20
DA:122,20
DA:123,20
DA:124,20
DA:125,20
DA:127,20
DA:128,20
DA:136,20
DA:137,20
DA:139,20
DA:140,8
DA:143,8
DA:144,0
DA:145,0
DA:146,0
DA:150,0
DA:154,0
DA:156,0
DA:160,8
DA:162,2
DA:163,1
DA:165,0
DA:166,0
DA:168,0
DA:169,0
DA:171,12
DA:172,7
DA:174,8
DA:177,20
DA:178,2
DA:179,2
DA:180,2
DA:181,2
DA:184,0
DA:188,20
DA:189,0
DA:190,0
DA:191,0
DA:193,0
DA:196,20
DA:197,0
DA:200,20
DA:201,0
DA:202,0
DA:203,0
DA:206,20
DA:207,0
DA:208,0
DA:211,20
DA:212,8
DA:213,8
DA:214,8
DA:215,8
DA:216,8
DA:217,8
DA:220,0
DA:223,8
DA:226,20
DA:227,7
DA:228,7
DA:232,20
DA:233,20
DA:234,0
DA:235,0
DA:236,0
DA:237,0
DA:240,20
DA:243,20
DA:244,7
DA:245,7
DA:246,0
DA:247,0
DA:248,0
DA:249,0
DA:250,0
DA:251,0
DA:256,0
DA:257,0
DA:260,0
DA:262,0
DA:267,0
DA:268,0
DA:269,0
DA:274,20
DA:275,2
DA:284,2
DA:285,2
DA:286,2
DA:288,0
DA:296,20
DA:298,0
DA:299,0
DA:300,0
DA:301,0
DA:302,0
DA:304,0
DA:305,0
DA:306,0
DA:310,0
DA:313,0
DA:318,20
DA:323,1
DA:328,1
DA:329,1
DA:330,3
DA:335,1
DA:336,1
DA:337,0
DA:342,20
DA:347,0
DA:348,0
DA:349,0
DA:350,0
DA:353,20
DA:354,0
DA:355,0
DA:358,20
DA:359,0
DA:360,0
DA:361,0
DA:362,0
DA:366,0
DA:367,0
DA:368,0
DA:369,0
DA:370,0
DA:372,0
DA:374,0
DA:378,20
DA:379,0
DA:380,0
DA:381,0
DA:385,0
DA:387,0
DA:388,0
DA:392,20
DA:393,0
DA:394,0
DA:400,0
DA:401,0
DA:402,0
DA:404,0
DA:405,0
DA:406,0
DA:407,0
DA:408,0
DA:411,0
DA:415,0
DA:416,0
DA:418,0
DA:419,0
DA:421,0
DA:422,0
DA:425,0
DA:426,0
DA:427,0
DA:431,0
DA:434,0
DA:437,0
DA:438,0
DA:441,0
DA:446,0
DA:449,20
DA:452,0
DA:453,0
DA:456,0
DA:457,0
DA:458,0
DA:460,0
DA:461,0
DA:464,0
DA:466,0
DA:475,0
DA:477,0
DA:482,0
DA:485,20
DA:487,0
DA:488,0
DA:491,0
DA:492,0
DA:493,0
DA:497,20
DA:501,0
DA:502,0
DA:503,0
DA:504,0
DA:505,0
DA:508,0
DA:509,0
DA:511,0
DA:512,0
DA:515,0
DA:517,0
DA:518,0
DA:519,0
DA:520,0
DA:522,0
DA:523,0
DA:529,0
DA:530,0
DA:534,0
DA:537,0
DA:542,0
DA:546,0
DA:547,0
DA:554,0
DA:557,0
DA:558,0
DA:562,20
DA:566,0
DA:568,0
DA:569,0
DA:570,0
DA:571,0
DA:574,0
DA:576,0
DA:577,0
DA:581,0
DA:586,0
DA:587,0
DA:594,0
DA:596,0
DA:597,0
DA:601,20
DA:602,0
DA:603,0
DA:604,0
DA:605,0
DA:606,0
DA:608,0
DA:610,0
DA:611,0
DA:615,20
DA:616,0
DA:617,0
DA:618,0
DA:621,0
DA:622,0
DA:629,0
DA:634,0
DA:635,0
DA:640,0
DA:644,20
DA:645,0
DA:646,0
DA:647,0
DA:650,0
DA:652,0
DA:654,0
DA:657,0
DA:662,0
DA:663,0
DA:665,0
DA:668,0
DA:669,0
DA:670,0
DA:675,0
DA:677,0
DA:679,0
DA:682,0
DA:686,0
DA:687,0
DA:689,0
DA:693,20
DA:694,0
DA:696,0
DA:698,0
DA:699,0
DA:700,0
DA:701,0
DA:702,0
DA:705,0
DA:706,0
DA:714,0
DA:718,0
DA:723,0
DA:724,0
DA:725,0
DA:729,0
DA:731,0
DA:732,0
DA:734,0
DA:738,20
DA:739,0
DA:742,0
DA:743,0
DA:745,0
DA:746,0
DA:749,20
DA:750,0
DA:752,0
DA:753,0
DA:759,20
DA:760,0
DA:761,0
DA:764,20
DA:765,20
DA:768,0
DA:769,0
DA:771,0
DA:772,0
DA:773,0
DA:774,0
DA:775,0
DA:776,0
DA:779,0
DA:780,0
DA:783,0
DA:784,0
DA:787,0
DA:790,0
DA:793,0
DA:794,0
DA:803,0
DA:808,0
DA:853,0
DA:857,0
DA:860,0
DA:864,0
DA:940,20
DA:949,28
DA:954,1
DA:971,0
DA:978,2
DA:993,0
DA:1005,0
DA:1008,0
DA:1016,1
DA:1019,0
DA:1034,20
DA:1035,30
DA:1036,30
DA:1039,30
DA:1040,27
DA:1044,3
DA:1045,3
DA:1046,3
DA:1049,3
DA:1050,0
DA:1054,3
DA:1059,3
DA:1062,20
DA:1064,20
DA:1079,0
DA:1123,0
DA:1124,0
DA:1131,1
DA:1132,1
DA:1139,0
DA:1140,0
DA:1147,0
DA:1148,0
DA:1158,0
DA:1167,0
DA:1173,0
LF:372
LH:107
BRDA:101,0,0,0
BRDA:101,0,1,0
BRDA:143,1,0,0
BRDA:143,1,1,8
BRDA:160,2,0,1
BRDA:160,2,1,0
BRDA:160,2,2,0
BRDA:160,2,3,7
BRDA:180,3,0,2
BRDA:180,3,1,0
BRDA:189,4,0,0
BRDA:189,4,1,0
BRDA:215,5,0,8
BRDA:215,5,1,0
BRDA:235,6,0,0
BRDA:235,6,1,0
BRDA:245,7,0,0
BRDA:245,7,1,7
BRDA:245,8,0,7
BRDA:245,8,1,0
BRDA:250,9,0,0
BRDA:250,9,1,0
BRDA:251,10,0,0
BRDA:251,10,1,0
BRDA:269,11,0,0
BRDA:269,11,1,0
BRDA:300,12,0,0
BRDA:300,12,1,0
BRDA:301,13,0,0
BRDA:301,13,1,0
BRDA:302,14,0,0
BRDA:302,14,1,0
BRDA:302,15,0,0
BRDA:302,15,1,0
BRDA:323,16,0,1
BRDA:323,16,1,0
BRDA:330,17,0,1
BRDA:330,17,1,2
BRDA:407,18,0,0
BRDA:407,18,1,0
BRDA:411,19,0,0
BRDA:411,19,1,0
BRDA:415,20,0,0
BRDA:415,20,1,0
BRDA:418,21,0,0
BRDA:418,21,1,0
BRDA:418,22,0,0
BRDA:418,22,1,0
BRDA:419,23,0,0
BRDA:419,23,1,0
BRDA:419,24,0,0
BRDA:419,24,1,0
BRDA:427,25,0,0
BRDA:427,25,1,0
BRDA:428,26,0,0
BRDA:428,26,1,0
BRDA:428,26,2,0
BRDA:457,27,0,0
BRDA:457,27,1,0
BRDA:457,28,0,0
BRDA:457,28,1,0
BRDA:458,29,0,0
BRDA:458,29,1,0
BRDA:461,30,0,0
BRDA:461,30,1,0
BRDA:461,31,0,0
BRDA:461,31,1,0
BRDA:475,32,0,0
BRDA:475,32,1,0
BRDA:488,33,0,0
BRDA:488,33,1,0
BRDA:501,34,0,0
BRDA:501,34,1,0
BRDA:501,35,0,0
BRDA:501,35,1,0
BRDA:515,36,0,0
BRDA:515,36,1,0
BRDA:519,37,0,0
BRDA:519,37,1,0
BRDA:522,38,0,0
BRDA:522,38,1,0
BRDA:522,39,0,0
BRDA:522,39,1,0
BRDA:546,40,0,0
BRDA:546,40,1,0
BRDA:574,41,0,0
BRDA:574,41,1,0
BRDA:586,42,0,0
BRDA:586,42,1,0
BRDA:586,43,0,0
BRDA:586,43,1,0
BRDA:617,44,0,0
BRDA:617,44,1,0
BRDA:617,45,0,0
BRDA:617,45,1,0
BRDA:646,46,0,0
BRDA:646,46,1,0
BRDA:668,47,0,0
BRDA:668,47,1,0
BRDA:694,48,0,0
BRDA:694,48,1,0
BRDA:700,49,0,0
BRDA:700,49,1,0
BRDA:705,50,0,0
BRDA:705,50,1,0
BRDA:705,51,0,0
BRDA:705,51,1,0
BRDA:714,52,0,0
BRDA:714,52,1,0
BRDA:715,53,0,0
BRDA:715,53,1,0
BRDA:720,54,0,0
BRDA:720,54,1,0
BRDA:739,55,0,0
BRDA:739,55,1,0
BRDA:750,56,0,0
BRDA:750,56,1,0
BRDA:765,57,0,20
BRDA:765,57,1,0
BRDA:774,58,0,0
BRDA:774,58,1,0
BRDA:784,59,0,0
BRDA:784,59,1,0
BRDA:826,60,0,0
BRDA:826,60,1,0
BRDA:841,61,0,0
BRDA:841,61,1,0
BRDA:951,62,0,0
BRDA:951,62,1,28
BRDA:1039,63,0,27
BRDA:1039,63,1,3
BRDA:1049,64,0,0
BRDA:1049,64,1,3
BRDA:1075,65,0,1
BRDA:1075,65,1,19
BRF:135
BRH:17
end_of_record
TN:
SF:src\styles\HomeScreenStyles.ts
FN:51,(anonymous_0)
FNF:1
FNH:1
FNDA:20,(anonymous_0)
DA:51,20
LF:1
LH:1
BRF:0
BRH:0
end_of_record
TN:
SF:src\utils\similarityUtils.ts
FN:3,(anonymous_0)
FN:12,(anonymous_1)
FN:22,(anonymous_2)
FN:27,(anonymous_3)
FN:35,(anonymous_4)
FN:39,(anonymous_5)
FN:43,(anonymous_6)
FN:44,(anonymous_7)
FN:45,(anonymous_8)
FNF:9
FNH:9
FNDA:203,(anonymous_0)
FNDA:47,(anonymous_1)
FNDA:132,(anonymous_2)
FNDA:66,(anonymous_3)
FNDA:6,(anonymous_4)
FNDA:30,(anonymous_5)
FNDA:30,(anonymous_6)
FNDA:2,(anonymous_7)
FNDA:7,(anonymous_8)
DA:3,2
DA:4,203
DA:12,2
DA:13,47
DA:14,47
DA:16,47
DA:17,35
DA:19,33
DA:20,33
DA:21,33
DA:22,132
DA:24,33
DA:27,2
DA:28,66
DA:29,66
DA:30,400
DA:32,66
DA:35,2
DA:36,6
DA:38,6
DA:39,30
DA:43,30
DA:44,2
DA:45,7
LF:24
LH:24
BRDA:16,0,0,12
BRDA:16,0,1,35
BRDA:17,1,0,2
BRDA:17,1,1,33
BRDA:17,2,0,35
BRDA:17,2,1,34
BRDA:35,3,0,2
BRF:7
BRH:7
end_of_record
TN:
SF:src\utils\stringUtils.ts
FN:2,(anonymous_0)
FNF:1
FNH:1
FNDA:50,(anonymous_0)
DA:2,2
DA:3,50
DA:4,50
DA:5,37
DA:6,35
DA:7,34
DA:8,23
DA:9,22
DA:10,20
DA:11,19
DA:12,17
DA:13,16
DA:14,15
DA:15,13
DA:16,12
LF:15
LH:15
BRDA:4,0,0,13
BRDA:4,0,1,37
BRDA:5,1,0,2
BRDA:5,1,1,35
BRDA:6,2,0,1
BRDA:6,2,1,34
BRDA:7,3,0,11
BRDA:7,3,1,23
BRDA:8,4,0,1
BRDA:8,4,1,22
BRDA:9,5,0,2
BRDA:9,5,1,20
BRDA:10,6,0,1
BRDA:10,6,1,19
BRDA:11,7,0,2
BRDA:11,7,1,17
BRDA:12,8,0,1
BRDA:12,8,1,16
BRDA:13,9,0,1
BRDA:13,9,1,15
BRDA:14,10,0,2
BRDA:14,10,1,13
BRDA:15,11,0,1
BRDA:15,11,1,12
BRF:24
BRH:24
end_of_record
